#
# There is insufficient memory for the Java Runtime Environment to continue.
# Native memory allocation (malloc) failed to allocate 817888 bytes for Chunk::new
# Possible reasons:
#   The system is out of physical RAM or swap space
#   The process is running with CompressedOops enabled, and the Java Heap may be blocking the growth of the native heap
# Possible solutions:
#   Reduce memory load on the system
#   Increase physical memory or swap space
#   Check if swap backing store is full
#   Decrease Java heap size (-Xmx/-Xms)
#   Decrease number of Java threads
#   Decrease Java thread stack sizes (-Xss)
#   Set larger code cache with -XX:ReservedCodeCacheSize=
#   JVM is running with Unscaled Compressed Oops mode in which the Java heap is
#     placed in the first 4GB address space. The Java Heap base address is the
#     maximum limit for the native heap growth. Please use -XX:HeapBaseMinAddress
#     to set the Java Heap base and to place the Java Heap above 4GB virtual address.
# This output file may be truncated or incomplete.
#
#  Out of Memory Error (arena.cpp:184), pid=10488, tid=6696
#
# JRE version: OpenJDK Runtime Environment Corretto-19.0.2.7.1 (19.0.2+7) (build 19.0.2+7-FR)
# Java VM: OpenJDK 64-Bit Server VM Corretto-19.0.2.7.1 (19.0.2+7-FR, mixed mode, sharing, tiered, compressed oops, compressed class ptrs, g1 gc, windows-amd64)
# No core dump will be written. Minidumps are not enabled by default on client versions of Windows
#

---------------  S U M M A R Y ------------

Command Line: --add-opens=java.base/java.util=ALL-UNNAMED --add-opens=java.base/java.lang=ALL-UNNAMED --add-opens=java.base/java.lang.invoke=ALL-UNNAMED --add-opens=java.prefs/java.util.prefs=ALL-UNNAMED --add-opens=java.base/java.nio.charset=ALL-UNNAMED --add-opens=java.base/java.net=ALL-UNNAMED --add-opens=java.base/java.util.concurrent.atomic=ALL-UNNAMED -XX:MaxMetaspaceSize=256m -XX:+HeapDumpOnOutOfMemoryError -Xms256m -Xmx512m -Dfile.encoding=windows-1252 -Duser.country=IN -Duser.language=en -Duser.variant org.gradle.launcher.daemon.bootstrap.GradleDaemon 7.6.1

Host: Intel(R) Core(TM) i7-4600U CPU @ 2.10GHz, 4 cores, 7G,  Windows 10 , 64 bit Build 19041 (10.0.19041.2913)
Time: Sun May 28 23:29:03 2023 Bangladesh Standard Time elapsed time: 28.350722 seconds (0d 0h 0m 28s)

---------------  T H R E A D  ---------------

Current thread (0x000001bef4e5ce20):  JavaThread "C2 CompilerThread0" daemon [_thread_in_native, id=6696, stack(0x000000169e700000,0x000000169e800000)]


Current CompileTask:
C2:  28350 3097       4       java.util.zip.ZipFile$Source::initCEN (612 bytes)

Stack: [0x000000169e700000,0x000000169e800000]
Native frames: (J=compiled Java code, j=interpreted, Vv=VM code, C=native code)
V  [jvm.dll+0x6d034a]
V  [jvm.dll+0x880f10]
V  [jvm.dll+0x88289e]
V  [jvm.dll+0x882f43]
V  [jvm.dll+0x27b4bb]
V  [jvm.dll+0xdd792]
V  [jvm.dll+0xddb25]
V  [jvm.dll+0x3b4a5b]
V  [jvm.dll+0x1ebc10]
V  [jvm.dll+0x2471d3]
V  [jvm.dll+0x2465a7]
V  [jvm.dll+0x1d4bb7]
V  [jvm.dll+0x25558a]
V  [jvm.dll+0x2538d7]
V  [jvm.dll+0x8342bd]
V  [jvm.dll+0x82e2fa]
V  [jvm.dll+0x6cf0d3]
C  [ucrtbase.dll+0x21bb2]
C  [KERNEL32.DLL+0x17614]
C  [ntdll.dll+0x526a1]


---------------  P R O C E S S  ---------------

Threads class SMR info:
_java_thread_list=0x000001befb72bba0, length=32, elements={
0x000001bee73ae800, 0x000001bef4e546e0, 0x000001bef4e55670, 0x000001bef4e56600,
0x000001bef4e59f50, 0x000001bef4e5a880, 0x000001bef4e5b1b0, 0x000001bef4e5ce20,
0x000001bef4e5eb10, 0x000001bef901b120, 0x000001bef90ffa00, 0x000001bef9109f60,
0x000001bef9f49020, 0x000001bef9892fb0, 0x000001bef9b2a140, 0x000001bef9b707a0,
0x000001bef9b6ddb0, 0x000001bef9e4b770, 0x000001befa4356e0, 0x000001befa4346f0,
0x000001befa4331b0, 0x000001befa434c40, 0x000001befa435c30, 0x000001befa4341a0,
0x000001befa436180, 0x000001befa433700, 0x000001befa433c50, 0x000001befa3f4720,
0x000001befa3f5c60, 0x000001befa3f7c40, 0x000001befa3fac10, 0x000001befa3f86e0
}

Java Threads: ( => current thread )
  0x000001bee73ae800 JavaThread "main" [_thread_blocked, id=5720, stack(0x000000169da00000,0x000000169db00000)]
  0x000001bef4e546e0 JavaThread "Reference Handler" daemon [_thread_blocked, id=7016, stack(0x000000169e100000,0x000000169e200000)]
  0x000001bef4e55670 JavaThread "Finalizer" daemon [_thread_blocked, id=8440, stack(0x000000169e200000,0x000000169e300000)]
  0x000001bef4e56600 JavaThread "Signal Dispatcher" daemon [_thread_blocked, id=19252, stack(0x000000169e300000,0x000000169e400000)]
  0x000001bef4e59f50 JavaThread "Attach Listener" daemon [_thread_blocked, id=20108, stack(0x000000169e400000,0x000000169e500000)]
  0x000001bef4e5a880 JavaThread "Service Thread" daemon [_thread_blocked, id=12436, stack(0x000000169e500000,0x000000169e600000)]
  0x000001bef4e5b1b0 JavaThread "Monitor Deflation Thread" daemon [_thread_blocked, id=13664, stack(0x000000169e600000,0x000000169e700000)]
=>0x000001bef4e5ce20 JavaThread "C2 CompilerThread0" daemon [_thread_in_native, id=6696, stack(0x000000169e700000,0x000000169e800000)]
  0x000001bef4e5eb10 JavaThread "C1 CompilerThread0" daemon [_thread_blocked, id=10600, stack(0x000000169e800000,0x000000169e900000)]
  0x000001bef901b120 JavaThread "Sweeper thread" daemon [_thread_blocked, id=13516, stack(0x000000169e900000,0x000000169ea00000)]
  0x000001bef90ffa00 JavaThread "Common-Cleaner" daemon [_thread_blocked, id=18692, stack(0x000000169ea00000,0x000000169eb00000)]
  0x000001bef9109f60 JavaThread "Notification Thread" daemon [_thread_blocked, id=17128, stack(0x000000169eb00000,0x000000169ec00000)]
  0x000001bef9f49020 JavaThread "Daemon health stats" [_thread_blocked, id=14796, stack(0x000000169f000000,0x000000169f100000)]
  0x000001bef9892fb0 JavaThread "Incoming local TCP Connector on port 1898" [_thread_in_native, id=10516, stack(0x000000169f100000,0x000000169f200000)]
  0x000001bef9b2a140 JavaThread "Daemon periodic checks" [_thread_blocked, id=17796, stack(0x000000169f200000,0x000000169f300000)]
  0x000001bef9b707a0 JavaThread "Daemon" [_thread_blocked, id=11632, stack(0x000000169f300000,0x000000169f400000)]
  0x000001bef9b6ddb0 JavaThread "Handler for socket connection from /127.0.0.1:1898 to /127.0.0.1:1899" [_thread_in_native, id=15972, stack(0x000000169f400000,0x000000169f500000)]
  0x000001bef9e4b770 JavaThread "Cancel handler" [_thread_blocked, id=16944, stack(0x000000169f500000,0x000000169f600000)]
  0x000001befa4356e0 JavaThread "Daemon worker" [_thread_in_vm, id=2152, stack(0x000000169f600000,0x000000169f700000)]
  0x000001befa4346f0 JavaThread "Asynchronous log dispatcher for DefaultDaemonConnection: socket connection from /127.0.0.1:1898 to /127.0.0.1:1899" [_thread_blocked, id=19960, stack(0x000000169f700000,0x000000169f800000)]
  0x000001befa4331b0 JavaThread "Stdin handler" [_thread_blocked, id=8132, stack(0x000000169f800000,0x000000169f900000)]
  0x000001befa434c40 JavaThread "Daemon client event forwarder" [_thread_blocked, id=7860, stack(0x000000169f900000,0x000000169fa00000)]
  0x000001befa435c30 JavaThread "Cache worker for journal cache (C:\Users\Lenovo\.gradle\caches\journal-1)" [_thread_blocked, id=8652, stack(0x000000169fa00000,0x000000169fb00000)]
  0x000001befa4341a0 JavaThread "File lock request listener" [_thread_in_native, id=20020, stack(0x000000169fb00000,0x000000169fc00000)]
  0x000001befa436180 JavaThread "File lock release action executor" [_thread_blocked, id=17028, stack(0x000000169fc00000,0x000000169fd00000)]
  0x000001befa433700 JavaThread "Cache worker for file hash cache (C:\Users\Lenovo\.gradle\caches\7.6.1\fileHashes)" [_thread_blocked, id=15408, stack(0x000000169fd00000,0x000000169fe00000)]
  0x000001befa433c50 JavaThread "File watcher server" daemon [_thread_in_native, id=2088, stack(0x000000169fe00000,0x000000169ff00000)]
  0x000001befa3f4720 JavaThread "File watcher consumer" daemon [_thread_blocked, id=18496, stack(0x000000169ff00000,0x00000016a0000000)]
  0x000001befa3f5c60 JavaThread "jar transforms" [_thread_blocked, id=17668, stack(0x00000016a0000000,0x00000016a0100000)]
  0x000001befa3f7c40 JavaThread "jar transforms Thread 2" [_thread_blocked, id=12360, stack(0x00000016a0100000,0x00000016a0200000)]
  0x000001befa3fac10 JavaThread "jar transforms Thread 3" [_thread_blocked, id=19052, stack(0x00000016a0200000,0x00000016a0300000)]
  0x000001befa3f86e0 JavaThread "jar transforms Thread 4" [_thread_blocked, id=18932, stack(0x00000016a0300000,0x00000016a0400000)]

Other Threads:
  0x000001bef4e3b030 VMThread "VM Thread" [stack: 0x000000169e000000,0x000000169e100000] [id=8920]
  0x000001bef910c4b0 WatcherThread "VM Periodic Task Thread" [stack: 0x000000169ec00000,0x000000169ed00000] [id=11036]
  0x000001bee9497510 WorkerThread "GC Thread#0" [stack: 0x000000169db00000,0x000000169dc00000] [id=3068]
  0x000001bef93fdb40 WorkerThread "GC Thread#1" [stack: 0x000000169ed00000,0x000000169ee00000] [id=10956]
  0x000001bef93cb5e0 WorkerThread "GC Thread#2" [stack: 0x000000169ee00000,0x000000169ef00000] [id=18108]
  0x000001bef93cb8b0 WorkerThread "GC Thread#3" [stack: 0x000000169ef00000,0x000000169f000000] [id=9036]
  0x000001bee949c380 ConcurrentGCThread "G1 Main Marker" [stack: 0x000000169dc00000,0x000000169dd00000] [id=20256]
  0x000001bee949ccc0 WorkerThread "G1 Conc#0" [stack: 0x000000169dd00000,0x000000169de00000] [id=17264]
  0x000001bee953d370 ConcurrentGCThread "G1 Refine#0" [stack: 0x000000169de00000,0x000000169df00000] [id=12644]
  0x000001bee953ddc0 ConcurrentGCThread "G1 Service" [stack: 0x000000169df00000,0x000000169e000000] [id=11428]

Threads with active compile tasks:
C2 CompilerThread0    28408 3097       4       java.util.zip.ZipFile$Source::initCEN (612 bytes)

VM state: not at safepoint (normal execution)

VM Mutex/Monitor currently owned by a thread: None

Heap address: 0x00000000e0000000, size: 512 MB, Compressed Oops mode: 32-bit

CDS archive(s) mapped at: [0x0000000800000000-0x0000000800c40000-0x0000000800c40000), size 12845056, SharedBaseAddress: 0x0000000800000000, ArchiveRelocationMode: 0.
Compressed class space mapped at: 0x0000000801000000-0x000000080e000000, reserved size: 218103808
Narrow klass base: 0x0000000800000000, Narrow klass shift: 0, Narrow klass range: 0x100000000

GC Precious Log:
 CardTable entry size: 512
 Card Set container configuration: InlinePtr #cards 5 size 8 Array Of Cards #cards 12 size 40 Howl #buckets 4 coarsen threshold 1843 Howl Bitmap #cards 512 size 80 coarsen threshold 460 Card regions per heap region 1 cards per card region 2048
 CPUs: 4 total, 4 available
 Memory: 8070M
 Large Page Support: Disabled
 NUMA Support: Disabled
 Compressed Oops: Enabled (32-bit)
 Heap Region Size: 1M
 Heap Min Capacity: 256M
 Heap Initial Capacity: 256M
 Heap Max Capacity: 512M
 Pre-touch: Disabled
 Parallel Workers: 4
 Concurrent Workers: 1
 Concurrent Refinement Workers: 4
 Periodic GC: Disabled

Heap:
 garbage-first heap   total 262144K, used 59743K [0x00000000e0000000, 0x0000000100000000)
  region size 1024K, 25 young (25600K), 12 survivors (12288K)
 Metaspace       used 22001K, committed 22656K, reserved 278528K
  class space    used 3202K, committed 3520K, reserved 212992K

Heap Regions: E=young(eden), S=young(survivor), O=old, HS=humongous(starts), HC=humongous(continues), CS=collection set, F=free, OA=open archive, CA=closed archive, TAMS=top-at-mark-start (previous, next)
|   0|0x00000000e0000000, 0x00000000e0100000, 0x00000000e0100000|100%| O|  |TAMS 0x00000000e0100000, 0x00000000e0000000| Untracked 
|   1|0x00000000e0100000, 0x00000000e0200000, 0x00000000e0200000|100%| O|  |TAMS 0x00000000e0200000, 0x00000000e0100000| Untracked 
|   2|0x00000000e0200000, 0x00000000e0300000, 0x00000000e0300000|100%|HS|  |TAMS 0x00000000e0300000, 0x00000000e0200000| Complete 
|   3|0x00000000e0300000, 0x00000000e0400000, 0x00000000e0400000|100%|HC|  |TAMS 0x00000000e0400000, 0x00000000e0300000| Complete 
|   4|0x00000000e0400000, 0x00000000e0500000, 0x00000000e0500000|100%|HC|  |TAMS 0x00000000e0500000, 0x00000000e0400000| Complete 
|   5|0x00000000e0500000, 0x00000000e0600000, 0x00000000e0600000|100%| O|  |TAMS 0x00000000e0600000, 0x00000000e0500000| Untracked 
|   6|0x00000000e0600000, 0x00000000e0700000, 0x00000000e0700000|100%| O|  |TAMS 0x00000000e0700000, 0x00000000e0600000| Untracked 
|   7|0x00000000e0700000, 0x00000000e0800000, 0x00000000e0800000|100%|HS|  |TAMS 0x00000000e0700000, 0x00000000e0700000| Complete 
|   8|0x00000000e0800000, 0x00000000e0900000, 0x00000000e0900000|100%| O|  |TAMS 0x00000000e0900000, 0x00000000e0800000| Untracked 
|   9|0x00000000e0900000, 0x00000000e0a00000, 0x00000000e0a00000|100%| O|  |TAMS 0x00000000e0a00000, 0x00000000e0900000| Untracked 
|  10|0x00000000e0a00000, 0x00000000e0a27800, 0x00000000e0b00000| 15%| O|  |TAMS 0x00000000e0a27800, 0x00000000e0a00000| Untracked 
|  11|0x00000000e0b00000, 0x00000000e0c00000, 0x00000000e0c00000|100%|HS|  |TAMS 0x00000000e0b00000, 0x00000000e0b00000| Complete 
|  12|0x00000000e0c00000, 0x00000000e0d00000, 0x00000000e0d00000|100%|HC|  |TAMS 0x00000000e0c00000, 0x00000000e0c00000| Complete 
|  13|0x00000000e0d00000, 0x00000000e0e00000, 0x00000000e0e00000|100%|HS|  |TAMS 0x00000000e0d00000, 0x00000000e0d00000| Complete 
|  14|0x00000000e0e00000, 0x00000000e0f00000, 0x00000000e0f00000|100%|HC|  |TAMS 0x00000000e0e00000, 0x00000000e0e00000| Complete 
|  15|0x00000000e0f00000, 0x00000000e1000000, 0x00000000e1000000|100%|HC|  |TAMS 0x00000000e0f00000, 0x00000000e0f00000| Complete 
|  16|0x00000000e1000000, 0x00000000e1100000, 0x00000000e1100000|100%|HS|  |TAMS 0x00000000e1000000, 0x00000000e1000000| Complete 
|  17|0x00000000e1100000, 0x00000000e1200000, 0x00000000e1200000|100%|HC|  |TAMS 0x00000000e1100000, 0x00000000e1100000| Complete 
|  18|0x00000000e1200000, 0x00000000e1300000, 0x00000000e1300000|100%|HS|  |TAMS 0x00000000e1200000, 0x00000000e1200000| Complete 
|  19|0x00000000e1300000, 0x00000000e1400000, 0x00000000e1400000|100%|HC|  |TAMS 0x00000000e1300000, 0x00000000e1300000| Complete 
|  20|0x00000000e1400000, 0x00000000e1500000, 0x00000000e1500000|100%|HC|  |TAMS 0x00000000e1400000, 0x00000000e1400000| Complete 
|  21|0x00000000e1500000, 0x00000000e1600000, 0x00000000e1600000|100%|HC|  |TAMS 0x00000000e1500000, 0x00000000e1500000| Complete 
|  22|0x00000000e1600000, 0x00000000e1700000, 0x00000000e1700000|100%|HC|  |TAMS 0x00000000e1600000, 0x00000000e1600000| Complete 
|  23|0x00000000e1700000, 0x00000000e1800000, 0x00000000e1800000|100%|HC|  |TAMS 0x00000000e1700000, 0x00000000e1700000| Complete 
|  24|0x00000000e1800000, 0x00000000e1900000, 0x00000000e1900000|100%|HC|  |TAMS 0x00000000e1800000, 0x00000000e1800000| Complete 
|  25|0x00000000e1900000, 0x00000000e1a00000, 0x00000000e1a00000|100%|HC|  |TAMS 0x00000000e1900000, 0x00000000e1900000| Complete 
|  26|0x00000000e1a00000, 0x00000000e1b00000, 0x00000000e1b00000|100%|HC|  |TAMS 0x00000000e1a00000, 0x00000000e1a00000| Complete 
|  27|0x00000000e1b00000, 0x00000000e1c00000, 0x00000000e1c00000|100%|HC|  |TAMS 0x00000000e1b00000, 0x00000000e1b00000| Complete 
|  28|0x00000000e1c00000, 0x00000000e1d00000, 0x00000000e1d00000|100%|HC|  |TAMS 0x00000000e1c00000, 0x00000000e1c00000| Complete 
|  29|0x00000000e1d00000, 0x00000000e1e00000, 0x00000000e1e00000|100%|HS|  |TAMS 0x00000000e1d00000, 0x00000000e1d00000| Complete 
|  30|0x00000000e1e00000, 0x00000000e1f00000, 0x00000000e1f00000|100%|HC|  |TAMS 0x00000000e1e00000, 0x00000000e1e00000| Complete 
|  31|0x00000000e1f00000, 0x00000000e2000000, 0x00000000e2000000|100%|HS|  |TAMS 0x00000000e1f00000, 0x00000000e1f00000| Complete 
|  32|0x00000000e2000000, 0x00000000e2100000, 0x00000000e2100000|100%|HC|  |TAMS 0x00000000e2000000, 0x00000000e2000000| Complete 
|  33|0x00000000e2100000, 0x00000000e2200000, 0x00000000e2200000|100%|HC|  |TAMS 0x00000000e2100000, 0x00000000e2100000| Complete 
|  34|0x00000000e2200000, 0x00000000e2300000, 0x00000000e2300000|100%|HC|  |TAMS 0x00000000e2200000, 0x00000000e2200000| Complete 
|  35|0x00000000e2300000, 0x00000000e2400000, 0x00000000e2400000|100%|HC|  |TAMS 0x00000000e2300000, 0x00000000e2300000| Complete 
|  36|0x00000000e2400000, 0x00000000e2500000, 0x00000000e2500000|100%|HC|  |TAMS 0x00000000e2400000, 0x00000000e2400000| Complete 
|  37|0x00000000e2500000, 0x00000000e2500000, 0x00000000e2600000|  0%| F|  |TAMS 0x00000000e2500000, 0x00000000e2500000| Untracked 
|  38|0x00000000e2600000, 0x00000000e2600000, 0x00000000e2700000|  0%| F|  |TAMS 0x00000000e2600000, 0x00000000e2600000| Untracked 
|  39|0x00000000e2700000, 0x00000000e2700000, 0x00000000e2800000|  0%| F|  |TAMS 0x00000000e2700000, 0x00000000e2700000| Untracked 
|  40|0x00000000e2800000, 0x00000000e2800000, 0x00000000e2900000|  0%| F|  |TAMS 0x00000000e2800000, 0x00000000e2800000| Untracked 
|  41|0x00000000e2900000, 0x00000000e2900000, 0x00000000e2a00000|  0%| F|  |TAMS 0x00000000e2900000, 0x00000000e2900000| Untracked 
|  42|0x00000000e2a00000, 0x00000000e2a00000, 0x00000000e2b00000|  0%| F|  |TAMS 0x00000000e2a00000, 0x00000000e2a00000| Untracked 
|  43|0x00000000e2b00000, 0x00000000e2b00000, 0x00000000e2c00000|  0%| F|  |TAMS 0x00000000e2b00000, 0x00000000e2b00000| Untracked 
|  44|0x00000000e2c00000, 0x00000000e2c00000, 0x00000000e2d00000|  0%| F|  |TAMS 0x00000000e2c00000, 0x00000000e2c00000| Untracked 
|  45|0x00000000e2d00000, 0x00000000e2d00000, 0x00000000e2e00000|  0%| F|  |TAMS 0x00000000e2d00000, 0x00000000e2d00000| Untracked 
|  46|0x00000000e2e00000, 0x00000000e2e00000, 0x00000000e2f00000|  0%| F|  |TAMS 0x00000000e2e00000, 0x00000000e2e00000| Untracked 
|  47|0x00000000e2f00000, 0x00000000e2f00000, 0x00000000e3000000|  0%| F|  |TAMS 0x00000000e2f00000, 0x00000000e2f00000| Untracked 
|  48|0x00000000e3000000, 0x00000000e3000000, 0x00000000e3100000|  0%| F|  |TAMS 0x00000000e3000000, 0x00000000e3000000| Untracked 
|  49|0x00000000e3100000, 0x00000000e3100000, 0x00000000e3200000|  0%| F|  |TAMS 0x00000000e3100000, 0x00000000e3100000| Untracked 
|  50|0x00000000e3200000, 0x00000000e3200000, 0x00000000e3300000|  0%| F|  |TAMS 0x00000000e3200000, 0x00000000e3200000| Untracked 
|  51|0x00000000e3300000, 0x00000000e3300000, 0x00000000e3400000|  0%| F|  |TAMS 0x00000000e3300000, 0x00000000e3300000| Untracked 
|  52|0x00000000e3400000, 0x00000000e3400000, 0x00000000e3500000|  0%| F|  |TAMS 0x00000000e3400000, 0x00000000e3400000| Untracked 
|  53|0x00000000e3500000, 0x00000000e3500000, 0x00000000e3600000|  0%| F|  |TAMS 0x00000000e3500000, 0x00000000e3500000| Untracked 
|  54|0x00000000e3600000, 0x00000000e3600000, 0x00000000e3700000|  0%| F|  |TAMS 0x00000000e3600000, 0x00000000e3600000| Untracked 
|  55|0x00000000e3700000, 0x00000000e3700000, 0x00000000e3800000|  0%| F|  |TAMS 0x00000000e3700000, 0x00000000e3700000| Untracked 
|  56|0x00000000e3800000, 0x00000000e3800000, 0x00000000e3900000|  0%| F|  |TAMS 0x00000000e3800000, 0x00000000e3800000| Untracked 
|  57|0x00000000e3900000, 0x00000000e3900000, 0x00000000e3a00000|  0%| F|  |TAMS 0x00000000e3900000, 0x00000000e3900000| Untracked 
|  58|0x00000000e3a00000, 0x00000000e3a00000, 0x00000000e3b00000|  0%| F|  |TAMS 0x00000000e3a00000, 0x00000000e3a00000| Untracked 
|  59|0x00000000e3b00000, 0x00000000e3b00000, 0x00000000e3c00000|  0%| F|  |TAMS 0x00000000e3b00000, 0x00000000e3b00000| Untracked 
|  60|0x00000000e3c00000, 0x00000000e3c00000, 0x00000000e3d00000|  0%| F|  |TAMS 0x00000000e3c00000, 0x00000000e3c00000| Untracked 
|  61|0x00000000e3d00000, 0x00000000e3d00000, 0x00000000e3e00000|  0%| F|  |TAMS 0x00000000e3d00000, 0x00000000e3d00000| Untracked 
|  62|0x00000000e3e00000, 0x00000000e3e00000, 0x00000000e3f00000|  0%| F|  |TAMS 0x00000000e3e00000, 0x00000000e3e00000| Untracked 
|  63|0x00000000e3f00000, 0x00000000e3f00000, 0x00000000e4000000|  0%| F|  |TAMS 0x00000000e3f00000, 0x00000000e3f00000| Untracked 
|  64|0x00000000e4000000, 0x00000000e4000000, 0x00000000e4100000|  0%| F|  |TAMS 0x00000000e4000000, 0x00000000e4000000| Untracked 
|  65|0x00000000e4100000, 0x00000000e4100000, 0x00000000e4200000|  0%| F|  |TAMS 0x00000000e4100000, 0x00000000e4100000| Untracked 
|  66|0x00000000e4200000, 0x00000000e4200000, 0x00000000e4300000|  0%| F|  |TAMS 0x00000000e4200000, 0x00000000e4200000| Untracked 
|  67|0x00000000e4300000, 0x00000000e4300000, 0x00000000e4400000|  0%| F|  |TAMS 0x00000000e4300000, 0x00000000e4300000| Untracked 
|  68|0x00000000e4400000, 0x00000000e4400000, 0x00000000e4500000|  0%| F|  |TAMS 0x00000000e4400000, 0x00000000e4400000| Untracked 
|  69|0x00000000e4500000, 0x00000000e4500000, 0x00000000e4600000|  0%| F|  |TAMS 0x00000000e4500000, 0x00000000e4500000| Untracked 
|  70|0x00000000e4600000, 0x00000000e4600000, 0x00000000e4700000|  0%| F|  |TAMS 0x00000000e4600000, 0x00000000e4600000| Untracked 
|  71|0x00000000e4700000, 0x00000000e4700000, 0x00000000e4800000|  0%| F|  |TAMS 0x00000000e4700000, 0x00000000e4700000| Untracked 
|  72|0x00000000e4800000, 0x00000000e4800000, 0x00000000e4900000|  0%| F|  |TAMS 0x00000000e4800000, 0x00000000e4800000| Untracked 
|  73|0x00000000e4900000, 0x00000000e4900000, 0x00000000e4a00000|  0%| F|  |TAMS 0x00000000e4900000, 0x00000000e4900000| Untracked 
|  74|0x00000000e4a00000, 0x00000000e4a00000, 0x00000000e4b00000|  0%| F|  |TAMS 0x00000000e4a00000, 0x00000000e4a00000| Untracked 
|  75|0x00000000e4b00000, 0x00000000e4b00000, 0x00000000e4c00000|  0%| F|  |TAMS 0x00000000e4b00000, 0x00000000e4b00000| Untracked 
|  76|0x00000000e4c00000, 0x00000000e4c00000, 0x00000000e4d00000|  0%| F|  |TAMS 0x00000000e4c00000, 0x00000000e4c00000| Untracked 
|  77|0x00000000e4d00000, 0x00000000e4d00000, 0x00000000e4e00000|  0%| F|  |TAMS 0x00000000e4d00000, 0x00000000e4d00000| Untracked 
|  78|0x00000000e4e00000, 0x00000000e4e00000, 0x00000000e4f00000|  0%| F|  |TAMS 0x00000000e4e00000, 0x00000000e4e00000| Untracked 
|  79|0x00000000e4f00000, 0x00000000e4f00000, 0x00000000e5000000|  0%| F|  |TAMS 0x00000000e4f00000, 0x00000000e4f00000| Untracked 
|  80|0x00000000e5000000, 0x00000000e5000000, 0x00000000e5100000|  0%| F|  |TAMS 0x00000000e5000000, 0x00000000e5000000| Untracked 
|  81|0x00000000e5100000, 0x00000000e5100000, 0x00000000e5200000|  0%| F|  |TAMS 0x00000000e5100000, 0x00000000e5100000| Untracked 
|  82|0x00000000e5200000, 0x00000000e5200000, 0x00000000e5300000|  0%| F|  |TAMS 0x00000000e5200000, 0x00000000e5200000| Untracked 
|  83|0x00000000e5300000, 0x00000000e5300000, 0x00000000e5400000|  0%| F|  |TAMS 0x00000000e5300000, 0x00000000e5300000| Untracked 
|  84|0x00000000e5400000, 0x00000000e5400000, 0x00000000e5500000|  0%| F|  |TAMS 0x00000000e5400000, 0x00000000e5400000| Untracked 
|  85|0x00000000e5500000, 0x00000000e5500000, 0x00000000e5600000|  0%| F|  |TAMS 0x00000000e5500000, 0x00000000e5500000| Untracked 
|  86|0x00000000e5600000, 0x00000000e5600000, 0x00000000e5700000|  0%| F|  |TAMS 0x00000000e5600000, 0x00000000e5600000| Untracked 
|  87|0x00000000e5700000, 0x00000000e5700000, 0x00000000e5800000|  0%| F|  |TAMS 0x00000000e5700000, 0x00000000e5700000| Untracked 
|  88|0x00000000e5800000, 0x00000000e5800000, 0x00000000e5900000|  0%| F|  |TAMS 0x00000000e5800000, 0x00000000e5800000| Untracked 
|  89|0x00000000e5900000, 0x00000000e5900000, 0x00000000e5a00000|  0%| F|  |TAMS 0x00000000e5900000, 0x00000000e5900000| Untracked 
|  90|0x00000000e5a00000, 0x00000000e5a00000, 0x00000000e5b00000|  0%| F|  |TAMS 0x00000000e5a00000, 0x00000000e5a00000| Untracked 
|  91|0x00000000e5b00000, 0x00000000e5b00000, 0x00000000e5c00000|  0%| F|  |TAMS 0x00000000e5b00000, 0x00000000e5b00000| Untracked 
|  92|0x00000000e5c00000, 0x00000000e5c00000, 0x00000000e5d00000|  0%| F|  |TAMS 0x00000000e5c00000, 0x00000000e5c00000| Untracked 
|  93|0x00000000e5d00000, 0x00000000e5d00000, 0x00000000e5e00000|  0%| F|  |TAMS 0x00000000e5d00000, 0x00000000e5d00000| Untracked 
|  94|0x00000000e5e00000, 0x00000000e5e00000, 0x00000000e5f00000|  0%| F|  |TAMS 0x00000000e5e00000, 0x00000000e5e00000| Untracked 
|  95|0x00000000e5f00000, 0x00000000e5f00000, 0x00000000e6000000|  0%| F|  |TAMS 0x00000000e5f00000, 0x00000000e5f00000| Untracked 
|  96|0x00000000e6000000, 0x00000000e6000000, 0x00000000e6100000|  0%| F|  |TAMS 0x00000000e6000000, 0x00000000e6000000| Untracked 
|  97|0x00000000e6100000, 0x00000000e6100000, 0x00000000e6200000|  0%| F|  |TAMS 0x00000000e6100000, 0x00000000e6100000| Untracked 
|  98|0x00000000e6200000, 0x00000000e6200000, 0x00000000e6300000|  0%| F|  |TAMS 0x00000000e6200000, 0x00000000e6200000| Untracked 
|  99|0x00000000e6300000, 0x00000000e6300000, 0x00000000e6400000|  0%| F|  |TAMS 0x00000000e6300000, 0x00000000e6300000| Untracked 
| 100|0x00000000e6400000, 0x00000000e6400000, 0x00000000e6500000|  0%| F|  |TAMS 0x00000000e6400000, 0x00000000e6400000| Untracked 
| 101|0x00000000e6500000, 0x00000000e6500000, 0x00000000e6600000|  0%| F|  |TAMS 0x00000000e6500000, 0x00000000e6500000| Untracked 
| 102|0x00000000e6600000, 0x00000000e6600000, 0x00000000e6700000|  0%| F|  |TAMS 0x00000000e6600000, 0x00000000e6600000| Untracked 
| 103|0x00000000e6700000, 0x00000000e6700000, 0x00000000e6800000|  0%| F|  |TAMS 0x00000000e6700000, 0x00000000e6700000| Untracked 
| 104|0x00000000e6800000, 0x00000000e6800000, 0x00000000e6900000|  0%| F|  |TAMS 0x00000000e6800000, 0x00000000e6800000| Untracked 
| 105|0x00000000e6900000, 0x00000000e6900000, 0x00000000e6a00000|  0%| F|  |TAMS 0x00000000e6900000, 0x00000000e6900000| Untracked 
| 106|0x00000000e6a00000, 0x00000000e6a00000, 0x00000000e6b00000|  0%| F|  |TAMS 0x00000000e6a00000, 0x00000000e6a00000| Untracked 
| 107|0x00000000e6b00000, 0x00000000e6b00000, 0x00000000e6c00000|  0%| F|  |TAMS 0x00000000e6b00000, 0x00000000e6b00000| Untracked 
| 108|0x00000000e6c00000, 0x00000000e6c00000, 0x00000000e6d00000|  0%| F|  |TAMS 0x00000000e6c00000, 0x00000000e6c00000| Untracked 
| 109|0x00000000e6d00000, 0x00000000e6d00000, 0x00000000e6e00000|  0%| F|  |TAMS 0x00000000e6d00000, 0x00000000e6d00000| Untracked 
| 110|0x00000000e6e00000, 0x00000000e6e00000, 0x00000000e6f00000|  0%| F|  |TAMS 0x00000000e6e00000, 0x00000000e6e00000| Untracked 
| 111|0x00000000e6f00000, 0x00000000e6f00000, 0x00000000e7000000|  0%| F|  |TAMS 0x00000000e6f00000, 0x00000000e6f00000| Untracked 
| 112|0x00000000e7000000, 0x00000000e7000000, 0x00000000e7100000|  0%| F|  |TAMS 0x00000000e7000000, 0x00000000e7000000| Untracked 
| 113|0x00000000e7100000, 0x00000000e7100000, 0x00000000e7200000|  0%| F|  |TAMS 0x00000000e7100000, 0x00000000e7100000| Untracked 
| 114|0x00000000e7200000, 0x00000000e7200000, 0x00000000e7300000|  0%| F|  |TAMS 0x00000000e7200000, 0x00000000e7200000| Untracked 
| 115|0x00000000e7300000, 0x00000000e7300000, 0x00000000e7400000|  0%| F|  |TAMS 0x00000000e7300000, 0x00000000e7300000| Untracked 
| 116|0x00000000e7400000, 0x00000000e7400000, 0x00000000e7500000|  0%| F|  |TAMS 0x00000000e7400000, 0x00000000e7400000| Untracked 
| 117|0x00000000e7500000, 0x00000000e7500000, 0x00000000e7600000|  0%| F|  |TAMS 0x00000000e7500000, 0x00000000e7500000| Untracked 
| 118|0x00000000e7600000, 0x00000000e7600000, 0x00000000e7700000|  0%| F|  |TAMS 0x00000000e7600000, 0x00000000e7600000| Untracked 
| 119|0x00000000e7700000, 0x00000000e7700000, 0x00000000e7800000|  0%| F|  |TAMS 0x00000000e7700000, 0x00000000e7700000| Untracked 
| 120|0x00000000e7800000, 0x00000000e7800000, 0x00000000e7900000|  0%| F|  |TAMS 0x00000000e7800000, 0x00000000e7800000| Untracked 
| 121|0x00000000e7900000, 0x00000000e7900000, 0x00000000e7a00000|  0%| F|  |TAMS 0x00000000e7900000, 0x00000000e7900000| Untracked 
| 122|0x00000000e7a00000, 0x00000000e7a00000, 0x00000000e7b00000|  0%| F|  |TAMS 0x00000000e7a00000, 0x00000000e7a00000| Untracked 
| 123|0x00000000e7b00000, 0x00000000e7b00000, 0x00000000e7c00000|  0%| F|  |TAMS 0x00000000e7b00000, 0x00000000e7b00000| Untracked 
| 124|0x00000000e7c00000, 0x00000000e7c00000, 0x00000000e7d00000|  0%| F|  |TAMS 0x00000000e7c00000, 0x00000000e7c00000| Untracked 
| 125|0x00000000e7d00000, 0x00000000e7d00000, 0x00000000e7e00000|  0%| F|  |TAMS 0x00000000e7d00000, 0x00000000e7d00000| Untracked 
| 126|0x00000000e7e00000, 0x00000000e7e00000, 0x00000000e7f00000|  0%| F|  |TAMS 0x00000000e7e00000, 0x00000000e7e00000| Untracked 
| 127|0x00000000e7f00000, 0x00000000e7f00000, 0x00000000e8000000|  0%| F|  |TAMS 0x00000000e7f00000, 0x00000000e7f00000| Untracked 
| 128|0x00000000e8000000, 0x00000000e8000000, 0x00000000e8100000|  0%| F|  |TAMS 0x00000000e8000000, 0x00000000e8000000| Untracked 
| 129|0x00000000e8100000, 0x00000000e8100000, 0x00000000e8200000|  0%| F|  |TAMS 0x00000000e8100000, 0x00000000e8100000| Untracked 
| 130|0x00000000e8200000, 0x00000000e8200000, 0x00000000e8300000|  0%| F|  |TAMS 0x00000000e8200000, 0x00000000e8200000| Untracked 
| 131|0x00000000e8300000, 0x00000000e8300000, 0x00000000e8400000|  0%| F|  |TAMS 0x00000000e8300000, 0x00000000e8300000| Untracked 
| 132|0x00000000e8400000, 0x00000000e8400000, 0x00000000e8500000|  0%| F|  |TAMS 0x00000000e8400000, 0x00000000e8400000| Untracked 
| 133|0x00000000e8500000, 0x00000000e8500000, 0x00000000e8600000|  0%| F|  |TAMS 0x00000000e8500000, 0x00000000e8500000| Untracked 
| 134|0x00000000e8600000, 0x00000000e8600000, 0x00000000e8700000|  0%| F|  |TAMS 0x00000000e8600000, 0x00000000e8600000| Untracked 
| 135|0x00000000e8700000, 0x00000000e8700000, 0x00000000e8800000|  0%| F|  |TAMS 0x00000000e8700000, 0x00000000e8700000| Untracked 
| 136|0x00000000e8800000, 0x00000000e8800000, 0x00000000e8900000|  0%| F|  |TAMS 0x00000000e8800000, 0x00000000e8800000| Untracked 
| 137|0x00000000e8900000, 0x00000000e8900000, 0x00000000e8a00000|  0%| F|  |TAMS 0x00000000e8900000, 0x00000000e8900000| Untracked 
| 138|0x00000000e8a00000, 0x00000000e8a00000, 0x00000000e8b00000|  0%| F|  |TAMS 0x00000000e8a00000, 0x00000000e8a00000| Untracked 
| 139|0x00000000e8b00000, 0x00000000e8b00000, 0x00000000e8c00000|  0%| F|  |TAMS 0x00000000e8b00000, 0x00000000e8b00000| Untracked 
| 140|0x00000000e8c00000, 0x00000000e8c00000, 0x00000000e8d00000|  0%| F|  |TAMS 0x00000000e8c00000, 0x00000000e8c00000| Untracked 
| 141|0x00000000e8d00000, 0x00000000e8d00000, 0x00000000e8e00000|  0%| F|  |TAMS 0x00000000e8d00000, 0x00000000e8d00000| Untracked 
| 142|0x00000000e8e00000, 0x00000000e8e00000, 0x00000000e8f00000|  0%| F|  |TAMS 0x00000000e8e00000, 0x00000000e8e00000| Untracked 
| 143|0x00000000e8f00000, 0x00000000e8f00000, 0x00000000e9000000|  0%| F|  |TAMS 0x00000000e8f00000, 0x00000000e8f00000| Untracked 
| 144|0x00000000e9000000, 0x00000000e9000000, 0x00000000e9100000|  0%| F|  |TAMS 0x00000000e9000000, 0x00000000e9000000| Untracked 
| 145|0x00000000e9100000, 0x00000000e9100000, 0x00000000e9200000|  0%| F|  |TAMS 0x00000000e9100000, 0x00000000e9100000| Untracked 
| 146|0x00000000e9200000, 0x00000000e9200000, 0x00000000e9300000|  0%| F|  |TAMS 0x00000000e9200000, 0x00000000e9200000| Untracked 
| 147|0x00000000e9300000, 0x00000000e9300000, 0x00000000e9400000|  0%| F|  |TAMS 0x00000000e9300000, 0x00000000e9300000| Untracked 
| 148|0x00000000e9400000, 0x00000000e9400000, 0x00000000e9500000|  0%| F|  |TAMS 0x00000000e9400000, 0x00000000e9400000| Untracked 
| 149|0x00000000e9500000, 0x00000000e9500000, 0x00000000e9600000|  0%| F|  |TAMS 0x00000000e9500000, 0x00000000e9500000| Untracked 
| 150|0x00000000e9600000, 0x00000000e9600000, 0x00000000e9700000|  0%| F|  |TAMS 0x00000000e9600000, 0x00000000e9600000| Untracked 
| 151|0x00000000e9700000, 0x00000000e9700000, 0x00000000e9800000|  0%| F|  |TAMS 0x00000000e9700000, 0x00000000e9700000| Untracked 
| 152|0x00000000e9800000, 0x00000000e9800000, 0x00000000e9900000|  0%| F|  |TAMS 0x00000000e9800000, 0x00000000e9800000| Untracked 
| 153|0x00000000e9900000, 0x00000000e9900000, 0x00000000e9a00000|  0%| F|  |TAMS 0x00000000e9900000, 0x00000000e9900000| Untracked 
| 154|0x00000000e9a00000, 0x00000000e9a00000, 0x00000000e9b00000|  0%| F|  |TAMS 0x00000000e9a00000, 0x00000000e9a00000| Untracked 
| 155|0x00000000e9b00000, 0x00000000e9b00000, 0x00000000e9c00000|  0%| F|  |TAMS 0x00000000e9b00000, 0x00000000e9b00000| Untracked 
| 156|0x00000000e9c00000, 0x00000000e9c30780, 0x00000000e9d00000| 18%| S|CS|TAMS 0x00000000e9c00000, 0x00000000e9c00000| Complete 
| 157|0x00000000e9d00000, 0x00000000e9e00000, 0x00000000e9e00000|100%| S|CS|TAMS 0x00000000e9d00000, 0x00000000e9d00000| Complete 
| 158|0x00000000e9e00000, 0x00000000e9f00000, 0x00000000e9f00000|100%| S|CS|TAMS 0x00000000e9e00000, 0x00000000e9e00000| Complete 
| 159|0x00000000e9f00000, 0x00000000ea000000, 0x00000000ea000000|100%| S|CS|TAMS 0x00000000e9f00000, 0x00000000e9f00000| Complete 
| 160|0x00000000ea000000, 0x00000000ea100000, 0x00000000ea100000|100%| S|CS|TAMS 0x00000000ea000000, 0x00000000ea000000| Complete 
| 161|0x00000000ea100000, 0x00000000ea200000, 0x00000000ea200000|100%| S|CS|TAMS 0x00000000ea100000, 0x00000000ea100000| Complete 
| 162|0x00000000ea200000, 0x00000000ea300000, 0x00000000ea300000|100%| S|CS|TAMS 0x00000000ea200000, 0x00000000ea200000| Complete 
| 163|0x00000000ea300000, 0x00000000ea400000, 0x00000000ea400000|100%| S|CS|TAMS 0x00000000ea300000, 0x00000000ea300000| Complete 
| 164|0x00000000ea400000, 0x00000000ea500000, 0x00000000ea500000|100%| S|CS|TAMS 0x00000000ea400000, 0x00000000ea400000| Complete 
| 165|0x00000000ea500000, 0x00000000ea600000, 0x00000000ea600000|100%| S|CS|TAMS 0x00000000ea500000, 0x00000000ea500000| Complete 
| 166|0x00000000ea600000, 0x00000000ea700000, 0x00000000ea700000|100%| S|CS|TAMS 0x00000000ea600000, 0x00000000ea600000| Complete 
| 167|0x00000000ea700000, 0x00000000ea800000, 0x00000000ea800000|100%| S|CS|TAMS 0x00000000ea700000, 0x00000000ea700000| Complete 
| 168|0x00000000ea800000, 0x00000000ea800000, 0x00000000ea900000|  0%| F|  |TAMS 0x00000000ea800000, 0x00000000ea800000| Untracked 
| 169|0x00000000ea900000, 0x00000000ea900000, 0x00000000eaa00000|  0%| F|  |TAMS 0x00000000ea900000, 0x00000000ea900000| Untracked 
| 170|0x00000000eaa00000, 0x00000000eaa00000, 0x00000000eab00000|  0%| F|  |TAMS 0x00000000eaa00000, 0x00000000eaa00000| Untracked 
| 171|0x00000000eab00000, 0x00000000eab00000, 0x00000000eac00000|  0%| F|  |TAMS 0x00000000eab00000, 0x00000000eab00000| Untracked 
| 172|0x00000000eac00000, 0x00000000eac00000, 0x00000000ead00000|  0%| F|  |TAMS 0x00000000eac00000, 0x00000000eac00000| Untracked 
| 173|0x00000000ead00000, 0x00000000ead00000, 0x00000000eae00000|  0%| F|  |TAMS 0x00000000ead00000, 0x00000000ead00000| Untracked 
| 174|0x00000000eae00000, 0x00000000eae00000, 0x00000000eaf00000|  0%| F|  |TAMS 0x00000000eae00000, 0x00000000eae00000| Untracked 
| 175|0x00000000eaf00000, 0x00000000eaf00000, 0x00000000eb000000|  0%| F|  |TAMS 0x00000000eaf00000, 0x00000000eaf00000| Untracked 
| 176|0x00000000eb000000, 0x00000000eb000000, 0x00000000eb100000|  0%| F|  |TAMS 0x00000000eb000000, 0x00000000eb000000| Untracked 
| 177|0x00000000eb100000, 0x00000000eb100000, 0x00000000eb200000|  0%| F|  |TAMS 0x00000000eb100000, 0x00000000eb100000| Untracked 
| 178|0x00000000eb200000, 0x00000000eb200000, 0x00000000eb300000|  0%| F|  |TAMS 0x00000000eb200000, 0x00000000eb200000| Untracked 
| 179|0x00000000eb300000, 0x00000000eb300000, 0x00000000eb400000|  0%| F|  |TAMS 0x00000000eb300000, 0x00000000eb300000| Untracked 
| 180|0x00000000eb400000, 0x00000000eb400000, 0x00000000eb500000|  0%| F|  |TAMS 0x00000000eb400000, 0x00000000eb400000| Untracked 
| 181|0x00000000eb500000, 0x00000000eb500000, 0x00000000eb600000|  0%| F|  |TAMS 0x00000000eb500000, 0x00000000eb500000| Untracked 
| 182|0x00000000eb600000, 0x00000000eb600000, 0x00000000eb700000|  0%| F|  |TAMS 0x00000000eb600000, 0x00000000eb600000| Untracked 
| 183|0x00000000eb700000, 0x00000000eb700000, 0x00000000eb800000|  0%| F|  |TAMS 0x00000000eb700000, 0x00000000eb700000| Untracked 
| 184|0x00000000eb800000, 0x00000000eb800000, 0x00000000eb900000|  0%| F|  |TAMS 0x00000000eb800000, 0x00000000eb800000| Untracked 
| 185|0x00000000eb900000, 0x00000000eb900000, 0x00000000eba00000|  0%| F|  |TAMS 0x00000000eb900000, 0x00000000eb900000| Untracked 
| 186|0x00000000eba00000, 0x00000000eba00000, 0x00000000ebb00000|  0%| F|  |TAMS 0x00000000eba00000, 0x00000000eba00000| Untracked 
| 187|0x00000000ebb00000, 0x00000000ebb00000, 0x00000000ebc00000|  0%| F|  |TAMS 0x00000000ebb00000, 0x00000000ebb00000| Untracked 
| 188|0x00000000ebc00000, 0x00000000ebc00000, 0x00000000ebd00000|  0%| F|  |TAMS 0x00000000ebc00000, 0x00000000ebc00000| Untracked 
| 189|0x00000000ebd00000, 0x00000000ebd00000, 0x00000000ebe00000|  0%| F|  |TAMS 0x00000000ebd00000, 0x00000000ebd00000| Untracked 
| 190|0x00000000ebe00000, 0x00000000ebe00000, 0x00000000ebf00000|  0%| F|  |TAMS 0x00000000ebe00000, 0x00000000ebe00000| Untracked 
| 191|0x00000000ebf00000, 0x00000000ebf00000, 0x00000000ec000000|  0%| F|  |TAMS 0x00000000ebf00000, 0x00000000ebf00000| Untracked 
| 192|0x00000000ec000000, 0x00000000ec000000, 0x00000000ec100000|  0%| F|  |TAMS 0x00000000ec000000, 0x00000000ec000000| Untracked 
| 193|0x00000000ec100000, 0x00000000ec100000, 0x00000000ec200000|  0%| F|  |TAMS 0x00000000ec100000, 0x00000000ec100000| Untracked 
| 194|0x00000000ec200000, 0x00000000ec200000, 0x00000000ec300000|  0%| F|  |TAMS 0x00000000ec200000, 0x00000000ec200000| Untracked 
| 195|0x00000000ec300000, 0x00000000ec300000, 0x00000000ec400000|  0%| F|  |TAMS 0x00000000ec300000, 0x00000000ec300000| Untracked 
| 196|0x00000000ec400000, 0x00000000ec400000, 0x00000000ec500000|  0%| F|  |TAMS 0x00000000ec400000, 0x00000000ec400000| Untracked 
| 197|0x00000000ec500000, 0x00000000ec500000, 0x00000000ec600000|  0%| F|  |TAMS 0x00000000ec500000, 0x00000000ec500000| Untracked 
| 198|0x00000000ec600000, 0x00000000ec600000, 0x00000000ec700000|  0%| F|  |TAMS 0x00000000ec600000, 0x00000000ec600000| Untracked 
| 199|0x00000000ec700000, 0x00000000ec700000, 0x00000000ec800000|  0%| F|  |TAMS 0x00000000ec700000, 0x00000000ec700000| Untracked 
| 200|0x00000000ec800000, 0x00000000ec800000, 0x00000000ec900000|  0%| F|  |TAMS 0x00000000ec800000, 0x00000000ec800000| Untracked 
| 201|0x00000000ec900000, 0x00000000ec900000, 0x00000000eca00000|  0%| F|  |TAMS 0x00000000ec900000, 0x00000000ec900000| Untracked 
| 202|0x00000000eca00000, 0x00000000eca00000, 0x00000000ecb00000|  0%| F|  |TAMS 0x00000000eca00000, 0x00000000eca00000| Untracked 
| 203|0x00000000ecb00000, 0x00000000ecb00000, 0x00000000ecc00000|  0%| F|  |TAMS 0x00000000ecb00000, 0x00000000ecb00000| Untracked 
| 204|0x00000000ecc00000, 0x00000000ecc00000, 0x00000000ecd00000|  0%| F|  |TAMS 0x00000000ecc00000, 0x00000000ecc00000| Untracked 
| 205|0x00000000ecd00000, 0x00000000ecd00000, 0x00000000ece00000|  0%| F|  |TAMS 0x00000000ecd00000, 0x00000000ecd00000| Untracked 
| 206|0x00000000ece00000, 0x00000000ece00000, 0x00000000ecf00000|  0%| F|  |TAMS 0x00000000ece00000, 0x00000000ece00000| Untracked 
| 207|0x00000000ecf00000, 0x00000000ecf00000, 0x00000000ed000000|  0%| F|  |TAMS 0x00000000ecf00000, 0x00000000ecf00000| Untracked 
| 208|0x00000000ed000000, 0x00000000ed000000, 0x00000000ed100000|  0%| F|  |TAMS 0x00000000ed000000, 0x00000000ed000000| Untracked 
| 209|0x00000000ed100000, 0x00000000ed100000, 0x00000000ed200000|  0%| F|  |TAMS 0x00000000ed100000, 0x00000000ed100000| Untracked 
| 210|0x00000000ed200000, 0x00000000ed200000, 0x00000000ed300000|  0%| F|  |TAMS 0x00000000ed200000, 0x00000000ed200000| Untracked 
| 211|0x00000000ed300000, 0x00000000ed300000, 0x00000000ed400000|  0%| F|  |TAMS 0x00000000ed300000, 0x00000000ed300000| Untracked 
| 212|0x00000000ed400000, 0x00000000ed400000, 0x00000000ed500000|  0%| F|  |TAMS 0x00000000ed400000, 0x00000000ed400000| Untracked 
| 213|0x00000000ed500000, 0x00000000ed500000, 0x00000000ed600000|  0%| F|  |TAMS 0x00000000ed500000, 0x00000000ed500000| Untracked 
| 214|0x00000000ed600000, 0x00000000ed600000, 0x00000000ed700000|  0%| F|  |TAMS 0x00000000ed600000, 0x00000000ed600000| Untracked 
| 215|0x00000000ed700000, 0x00000000ed700000, 0x00000000ed800000|  0%| F|  |TAMS 0x00000000ed700000, 0x00000000ed700000| Untracked 
| 216|0x00000000ed800000, 0x00000000ed800000, 0x00000000ed900000|  0%| F|  |TAMS 0x00000000ed800000, 0x00000000ed800000| Untracked 
| 217|0x00000000ed900000, 0x00000000ed900000, 0x00000000eda00000|  0%| F|  |TAMS 0x00000000ed900000, 0x00000000ed900000| Untracked 
| 218|0x00000000eda00000, 0x00000000eda00000, 0x00000000edb00000|  0%| F|  |TAMS 0x00000000eda00000, 0x00000000eda00000| Untracked 
| 219|0x00000000edb00000, 0x00000000edb00000, 0x00000000edc00000|  0%| F|  |TAMS 0x00000000edb00000, 0x00000000edb00000| Untracked 
| 220|0x00000000edc00000, 0x00000000edc00000, 0x00000000edd00000|  0%| F|  |TAMS 0x00000000edc00000, 0x00000000edc00000| Untracked 
| 221|0x00000000edd00000, 0x00000000edd00000, 0x00000000ede00000|  0%| F|  |TAMS 0x00000000edd00000, 0x00000000edd00000| Untracked 
| 222|0x00000000ede00000, 0x00000000ede00000, 0x00000000edf00000|  0%| F|  |TAMS 0x00000000ede00000, 0x00000000ede00000| Untracked 
| 223|0x00000000edf00000, 0x00000000edf00000, 0x00000000ee000000|  0%| F|  |TAMS 0x00000000edf00000, 0x00000000edf00000| Untracked 
| 224|0x00000000ee000000, 0x00000000ee000000, 0x00000000ee100000|  0%| F|  |TAMS 0x00000000ee000000, 0x00000000ee000000| Untracked 
| 225|0x00000000ee100000, 0x00000000ee100000, 0x00000000ee200000|  0%| F|  |TAMS 0x00000000ee100000, 0x00000000ee100000| Untracked 
| 226|0x00000000ee200000, 0x00000000ee200000, 0x00000000ee300000|  0%| F|  |TAMS 0x00000000ee200000, 0x00000000ee200000| Untracked 
| 227|0x00000000ee300000, 0x00000000ee300000, 0x00000000ee400000|  0%| F|  |TAMS 0x00000000ee300000, 0x00000000ee300000| Untracked 
| 228|0x00000000ee400000, 0x00000000ee400000, 0x00000000ee500000|  0%| F|  |TAMS 0x00000000ee400000, 0x00000000ee400000| Untracked 
| 229|0x00000000ee500000, 0x00000000ee500000, 0x00000000ee600000|  0%| F|  |TAMS 0x00000000ee500000, 0x00000000ee500000| Untracked 
| 230|0x00000000ee600000, 0x00000000ee600000, 0x00000000ee700000|  0%| F|  |TAMS 0x00000000ee600000, 0x00000000ee600000| Untracked 
| 231|0x00000000ee700000, 0x00000000ee700000, 0x00000000ee800000|  0%| F|  |TAMS 0x00000000ee700000, 0x00000000ee700000| Untracked 
| 232|0x00000000ee800000, 0x00000000ee800000, 0x00000000ee900000|  0%| F|  |TAMS 0x00000000ee800000, 0x00000000ee800000| Untracked 
| 233|0x00000000ee900000, 0x00000000ee900000, 0x00000000eea00000|  0%| F|  |TAMS 0x00000000ee900000, 0x00000000ee900000| Untracked 
| 234|0x00000000eea00000, 0x00000000eea00000, 0x00000000eeb00000|  0%| F|  |TAMS 0x00000000eea00000, 0x00000000eea00000| Untracked 
| 235|0x00000000eeb00000, 0x00000000eeb00000, 0x00000000eec00000|  0%| F|  |TAMS 0x00000000eeb00000, 0x00000000eeb00000| Untracked 
| 236|0x00000000eec00000, 0x00000000eec00000, 0x00000000eed00000|  0%| F|  |TAMS 0x00000000eec00000, 0x00000000eec00000| Untracked 
| 237|0x00000000eed00000, 0x00000000eed00000, 0x00000000eee00000|  0%| F|  |TAMS 0x00000000eed00000, 0x00000000eed00000| Untracked 
| 238|0x00000000eee00000, 0x00000000eee00000, 0x00000000eef00000|  0%| F|  |TAMS 0x00000000eee00000, 0x00000000eee00000| Untracked 
| 239|0x00000000eef00000, 0x00000000eef00000, 0x00000000ef000000|  0%| F|  |TAMS 0x00000000eef00000, 0x00000000eef00000| Untracked 
| 240|0x00000000ef000000, 0x00000000ef000000, 0x00000000ef100000|  0%| F|  |TAMS 0x00000000ef000000, 0x00000000ef000000| Untracked 
| 241|0x00000000ef100000, 0x00000000ef100000, 0x00000000ef200000|  0%| F|  |TAMS 0x00000000ef100000, 0x00000000ef100000| Untracked 
| 242|0x00000000ef200000, 0x00000000ef200000, 0x00000000ef300000|  0%| F|  |TAMS 0x00000000ef200000, 0x00000000ef200000| Untracked 
| 243|0x00000000ef300000, 0x00000000ef400000, 0x00000000ef400000|100%| E|  |TAMS 0x00000000ef300000, 0x00000000ef300000| Complete 
| 244|0x00000000ef400000, 0x00000000ef500000, 0x00000000ef500000|100%| E|CS|TAMS 0x00000000ef400000, 0x00000000ef400000| Complete 
| 245|0x00000000ef500000, 0x00000000ef600000, 0x00000000ef600000|100%| E|CS|TAMS 0x00000000ef500000, 0x00000000ef500000| Complete 
| 246|0x00000000ef600000, 0x00000000ef700000, 0x00000000ef700000|100%| E|CS|TAMS 0x00000000ef600000, 0x00000000ef600000| Complete 
| 247|0x00000000ef700000, 0x00000000ef800000, 0x00000000ef800000|100%| E|CS|TAMS 0x00000000ef700000, 0x00000000ef700000| Complete 
| 248|0x00000000ef800000, 0x00000000ef900000, 0x00000000ef900000|100%| E|CS|TAMS 0x00000000ef800000, 0x00000000ef800000| Complete 
| 249|0x00000000ef900000, 0x00000000efa00000, 0x00000000efa00000|100%| E|CS|TAMS 0x00000000ef900000, 0x00000000ef900000| Complete 
| 250|0x00000000efa00000, 0x00000000efb00000, 0x00000000efb00000|100%| E|CS|TAMS 0x00000000efa00000, 0x00000000efa00000| Complete 
| 251|0x00000000efb00000, 0x00000000efc00000, 0x00000000efc00000|100%| E|CS|TAMS 0x00000000efb00000, 0x00000000efb00000| Complete 
| 252|0x00000000efc00000, 0x00000000efd00000, 0x00000000efd00000|100%| E|CS|TAMS 0x00000000efc00000, 0x00000000efc00000| Complete 
| 253|0x00000000efd00000, 0x00000000efe00000, 0x00000000efe00000|100%| E|CS|TAMS 0x00000000efd00000, 0x00000000efd00000| Complete 
| 254|0x00000000efe00000, 0x00000000eff00000, 0x00000000eff00000|100%| E|CS|TAMS 0x00000000efe00000, 0x00000000efe00000| Complete 
| 255|0x00000000eff00000, 0x00000000f0000000, 0x00000000f0000000|100%| E|  |TAMS 0x00000000eff00000, 0x00000000eff00000| Complete 

Card table byte_map: [0x000001bef1660000,0x000001bef1760000] _byte_map_base: 0x000001bef0f60000

Marking Bits (Prev, Next): (CMBitMap*) 0x000001bee9497a90, (CMBitMap*) 0x000001bee9497a50
 Prev Bits: [0x000001bef2060000, 0x000001bef2860000)
 Next Bits: [0x000001bef1860000, 0x000001bef2060000)

Polling page: 0x000001bee8c40000

Metaspace:

Usage:
  Non-class:     18.38 MB used.
      Class:      3.13 MB used.
       Both:     21.51 MB used.

Virtual space:
  Non-class space:       64.00 MB reserved,      18.75 MB ( 29%) committed,  1 nodes.
      Class space:      208.00 MB reserved,       3.44 MB (  2%) committed,  1 nodes.
             Both:      272.00 MB reserved,      22.19 MB (  8%) committed. 

Chunk freelists:
   Non-Class:  688.00 KB
       Class:  578.00 KB
        Both:  1.24 MB

MaxMetaspaceSize: 256.00 MB
CompressedClassSpaceSize: 208.00 MB
Initial GC threshold: 21.00 MB
Current GC threshold: 35.25 MB
CDS: on
MetaspaceReclaimPolicy: balanced
 - commit_granule_bytes: 65536.
 - commit_granule_words: 8192.
 - virtual_space_node_default_size: 8388608.
 - enlarge_chunks_in_place: 1.
 - new_chunks_are_fully_committed: 0.
 - uncommit_free_chunks: 1.
 - use_allocation_guard: 0.


Internal statistics:

num_allocs_failed_limit: 3.
num_arena_births: 1130.
num_arena_deaths: 0.
num_vsnodes_births: 2.
num_vsnodes_deaths: 0.
num_space_committed: 355.
num_space_uncommitted: 0.
num_chunks_returned_to_freelist: 3.
num_chunks_taken_from_freelist: 2088.
num_chunk_merges: 3.
num_chunk_splits: 1305.
num_chunks_enlarged: 790.
num_inconsistent_stats: 0.

CodeHeap 'non-profiled nmethods': size=120000Kb used=1522Kb max_used=1522Kb free=118478Kb
 bounds [0x000001be87ad0000, 0x000001be87d40000, 0x000001be8f000000]
CodeHeap 'profiled nmethods': size=120000Kb used=6593Kb max_used=6593Kb free=113407Kb
 bounds [0x000001be80000000, 0x000001be80680000, 0x000001be87530000]
CodeHeap 'non-nmethods': size=5760Kb used=1329Kb max_used=1364Kb free=4431Kb
 bounds [0x000001be87530000, 0x000001be877a0000, 0x000001be87ad0000]
 total_blobs=3742 nmethods=3179 adapters=473
 compilation: enabled
              stopped_count=0, restarted_count=0
 full_count=0

Compilation events (20 events):
Event: 28.269 Thread 0x000001bef4e5eb10 3165       3       java.lang.ClassValue::match (21 bytes)
Event: 28.269 Thread 0x000001bef4e5eb10 nmethod 3165 0x000001be8065b210 code [0x000001be8065b3c0, 0x000001be8065b638]
Event: 28.269 Thread 0x000001bef4e5eb10 3166       3       com.google.common.collect.ImmutableCollection$Builder::expandedCapacity (45 bytes)
Event: 28.269 Thread 0x000001bef4e5eb10 nmethod 3166 0x000001be8065b710 code [0x000001be8065b8e0, 0x000001be8065bbf8]
Event: 28.271 Thread 0x000001bef4e5eb10 3167       3       org.gradle.internal.util.Trie::find (135 bytes)
Event: 28.272 Thread 0x000001bef4e5eb10 nmethod 3167 0x000001be8065bd90 code [0x000001be8065bfc0, 0x000001be8065c798]
Event: 28.283 Thread 0x000001bef4e5eb10 3168       3       java.lang.Class::methodToString (78 bytes)
Event: 28.284 Thread 0x000001bef4e5eb10 nmethod 3168 0x000001be8065ca10 code [0x000001be8065cd00, 0x000001be8065dad8]
Event: 28.287 Thread 0x000001bef4e5eb10 3169       3       java.util.stream.ReduceOps$3ReducingSink::accept (15 bytes)
Event: 28.287 Thread 0x000001bef4e5eb10 nmethod 3169 0x000001be8065e010 code [0x000001be8065e1c0, 0x000001be8065e3a8]
Event: 28.296 Thread 0x000001bef4e5eb10 3170       3       com.google.common.collect.ImmutableSet$RegularSetBuilderImpl::rebuildHashTable (80 bytes)
Event: 28.297 Thread 0x000001bef4e5eb10 nmethod 3170 0x000001be8065e490 code [0x000001be8065e6a0, 0x000001be8065ee08]
Event: 28.303 Thread 0x000001bef4e5eb10 3171       3       jdk.internal.org.objectweb.asm.ClassReader::readShort (27 bytes)
Event: 28.303 Thread 0x000001bef4e5eb10 nmethod 3171 0x000001be8065f110 code [0x000001be8065f2c0, 0x000001be8065f438]
Event: 28.303 Thread 0x000001bef4e5eb10 3172       3       jdk.internal.org.objectweb.asm.MethodVisitor::visitMethodInsn (80 bytes)
Event: 28.304 Thread 0x000001bef4e5eb10 nmethod 3172 0x000001be8065f510 code [0x000001be8065f700, 0x000001be8065fbe8]
Event: 28.304 Thread 0x000001bef4e5eb10 3173       3       java.lang.invoke.MethodHandles$Lookup::ensureDefineClassPermission (38 bytes)
Event: 28.304 Thread 0x000001bef4e5eb10 nmethod 3173 0x000001be8065fd90 code [0x000001be8065ff60, 0x000001be806602b8]
Event: 28.331 Thread 0x000001bef4e5eb10 3174       3       org.gradle.internal.classloader.FilteringClassLoader$TrieSet::find (9 bytes)
Event: 28.331 Thread 0x000001bef4e5eb10 nmethod 3174 0x000001be80660390 code [0x000001be80660540, 0x000001be806606a8]

GC Heap History (8 events):
Event: 9.301 GC heap before
{Heap before GC invocations=0 (full 0):
 garbage-first heap   total 262144K, used 12288K [0x00000000e0000000, 0x0000000100000000)
  region size 1024K, 13 young (13312K), 0 survivors (0K)
 Metaspace       used 928K, committed 1088K, reserved 278528K
  class space    used 70K, committed 128K, reserved 212992K
}
Event: 9.312 GC heap after
{Heap after GC invocations=1 (full 0):
 garbage-first heap   total 262144K, used 3791K [0x00000000e0000000, 0x0000000100000000)
  region size 1024K, 2 young (2048K), 2 survivors (2048K)
 Metaspace       used 928K, committed 1088K, reserved 278528K
  class space    used 70K, committed 128K, reserved 212992K
}
Event: 13.211 GC heap before
{Heap before GC invocations=1 (full 0):
 garbage-first heap   total 262144K, used 22223K [0x00000000e0000000, 0x0000000100000000)
  region size 1024K, 18 young (18432K), 2 survivors (2048K)
 Metaspace       used 3866K, committed 4096K, reserved 278528K
  class space    used 466K, committed 576K, reserved 212992K
}
Event: 13.217 GC heap after
{Heap after GC invocations=2 (full 0):
 garbage-first heap   total 262144K, used 9494K [0x00000000e0000000, 0x0000000100000000)
  region size 1024K, 3 young (3072K), 3 survivors (3072K)
 Metaspace       used 3866K, committed 4096K, reserved 278528K
  class space    used 466K, committed 576K, reserved 212992K
}
Event: 20.117 GC heap before
{Heap before GC invocations=2 (full 0):
 garbage-first heap   total 262144K, used 32022K [0x00000000e0000000, 0x0000000100000000)
  region size 1024K, 25 young (25600K), 3 survivors (3072K)
 Metaspace       used 4017K, committed 4224K, reserved 278528K
  class space    used 469K, committed 576K, reserved 212992K
}
Event: 20.124 GC heap after
{Heap after GC invocations=3 (full 0):
 garbage-first heap   total 262144K, used 13470K [0x00000000e0000000, 0x0000000100000000)
  region size 1024K, 4 young (4096K), 4 survivors (4096K)
 Metaspace       used 4017K, committed 4224K, reserved 278528K
  class space    used 469K, committed 576K, reserved 212992K
}
Event: 27.409 GC heap before
{Heap before GC invocations=3 (full 0):
 garbage-first heap   total 262144K, used 98462K [0x00000000e0000000, 0x0000000100000000)
  region size 1024K, 88 young (90112K), 4 survivors (4096K)
 Metaspace       used 20840K, committed 21504K, reserved 278528K
  class space    used 3013K, committed 3328K, reserved 212992K
}
Event: 27.428 GC heap after
{Heap after GC invocations=4 (full 0):
 garbage-first heap   total 262144K, used 20831K [0x00000000e0000000, 0x0000000100000000)
  region size 1024K, 12 young (12288K), 12 survivors (12288K)
 Metaspace       used 20840K, committed 21504K, reserved 278528K
  class space    used 3013K, committed 3328K, reserved 212992K
}

Dll operation events (13 events):
Event: 0.019 Loaded shared library C:\Users\Lenovo\.jdks\corretto-19.0.2\bin\java.dll
Event: 0.039 Loaded shared library C:\Users\Lenovo\.jdks\corretto-19.0.2\bin\jsvml.dll
Event: 0.371 Loaded shared library C:\Users\Lenovo\.jdks\corretto-19.0.2\bin\net.dll
Event: 0.376 Loaded shared library C:\Users\Lenovo\.jdks\corretto-19.0.2\bin\nio.dll
Event: 0.457 Loaded shared library C:\Users\Lenovo\.jdks\corretto-19.0.2\bin\zip.dll
Event: 5.762 Loaded shared library C:\Users\Lenovo\.jdks\corretto-19.0.2\bin\jimage.dll
Event: 7.255 Loaded shared library C:\Users\Lenovo\.jdks\corretto-19.0.2\bin\verify.dll
Event: 11.920 Loaded shared library C:\Users\Lenovo\.gradle\native\68d5fa5c4cc2d200863cafc0d521ce42e7d3e7ee720ec0a83991735586a16f82\windows-amd64\native-platform.dll
Event: 11.938 Loaded shared library C:\Users\Lenovo\.gradle\native\e376f236ea51e6404a007f0833ffe2c6e607c4080706a723a18a27aeea778392\windows-amd64\native-platform-file-events.dll
Event: 20.825 Loaded shared library C:\Users\Lenovo\.jdks\corretto-19.0.2\bin\management.dll
Event: 20.830 Loaded shared library C:\Users\Lenovo\.jdks\corretto-19.0.2\bin\management_ext.dll
Event: 21.462 Loaded shared library C:\Users\Lenovo\.jdks\corretto-19.0.2\bin\extnet.dll
Event: 22.142 Loaded shared library C:\Users\Lenovo\.jdks\corretto-19.0.2\bin\sunmscapi.dll

Deoptimization events (20 events):
Event: 27.890 Thread 0x000001befa4356e0 DEOPT PACKING pc=0x000001be87bef470 sp=0x000000169f6fa830
Event: 27.890 Thread 0x000001befa4356e0 DEOPT UNPACKING pc=0x000001be87596da3 sp=0x000000169f6fa890 mode 2
Event: 27.891 Thread 0x000001befa4356e0 Uncommon trap: trap_request=0xffffffc6 fr.pc=0x000001be87bef470 relative=0x0000000000006190
Event: 27.891 Thread 0x000001befa4356e0 Uncommon trap: reason=bimorphic_or_optimized_type_check action=maybe_recompile pc=0x000001be87bef470 method=java.lang.ClassLoader.loadClass(Ljava/lang/String;Z)Ljava/lang/Class; @ 38 c2
Event: 27.891 Thread 0x000001befa4356e0 DEOPT PACKING pc=0x000001be87bef470 sp=0x000000169f6fbc10
Event: 27.891 Thread 0x000001befa4356e0 DEOPT UNPACKING pc=0x000001be87596da3 sp=0x000000169f6fbc70 mode 2
Event: 27.911 Thread 0x000001befa4356e0 DEOPT PACKING pc=0x000001be800c095c sp=0x000000169f6fb170
Event: 27.911 Thread 0x000001befa4356e0 DEOPT UNPACKING pc=0x000001be87597543 sp=0x000000169f6fa5f8 mode 0
Event: 27.964 Thread 0x000001befa4356e0 DEOPT PACKING pc=0x000001be800c095c sp=0x000000169f6fb170
Event: 27.964 Thread 0x000001befa4356e0 DEOPT UNPACKING pc=0x000001be87597543 sp=0x000000169f6fa5f8 mode 0
Event: 27.982 Thread 0x000001befa4356e0 DEOPT PACKING pc=0x000001be804a5b0e sp=0x000000169f6f7370
Event: 27.982 Thread 0x000001befa4356e0 DEOPT UNPACKING pc=0x000001be87597543 sp=0x000000169f6f68f0 mode 0
Event: 28.003 Thread 0x000001befa4356e0 DEOPT PACKING pc=0x000001be80359312 sp=0x000000169f6fc3e0
Event: 28.004 Thread 0x000001befa4356e0 DEOPT UNPACKING pc=0x000001be87597543 sp=0x000000169f6fb870 mode 0
Event: 28.126 Thread 0x000001befa4356e0 DEOPT PACKING pc=0x000001be802301d1 sp=0x000000169f6f9de0
Event: 28.126 Thread 0x000001befa4356e0 DEOPT UNPACKING pc=0x000001be87597543 sp=0x000000169f6f9350 mode 0
Event: 28.171 Thread 0x000001befa4356e0 DEOPT PACKING pc=0x000001be802301d1 sp=0x000000169f6fa7c0
Event: 28.171 Thread 0x000001befa4356e0 DEOPT UNPACKING pc=0x000001be87597543 sp=0x000000169f6f9d30 mode 0
Event: 28.239 Thread 0x000001befa4356e0 DEOPT PACKING pc=0x000001be805807e3 sp=0x000000169f6fbcb0
Event: 28.239 Thread 0x000001befa4356e0 DEOPT UNPACKING pc=0x000001be87597543 sp=0x000000169f6fb160 mode 0

Classes loaded (20 events):
Event: 27.146 Loading class java/lang/Short$ShortCache
Event: 27.146 Loading class java/lang/Short$ShortCache done
Event: 27.829 Loading class sun/nio/fs/WindowsPath$1
Event: 27.829 Loading class sun/nio/fs/WindowsPath$1 done
Event: 28.018 Loading class java/io/ObjectStreamClass$ExceptionInfo
Event: 28.018 Loading class java/io/ObjectStreamClass$ExceptionInfo done
Event: 28.319 Loading class java/util/concurrent/locks/ReentrantReadWriteLock
Event: 28.319 Loading class java/util/concurrent/locks/ReadWriteLock
Event: 28.319 Loading class java/util/concurrent/locks/ReadWriteLock done
Event: 28.319 Loading class java/util/concurrent/locks/ReentrantReadWriteLock done
Event: 28.319 Loading class java/util/concurrent/locks/ReentrantReadWriteLock$NonfairSync
Event: 28.319 Loading class java/util/concurrent/locks/ReentrantReadWriteLock$Sync
Event: 28.319 Loading class java/util/concurrent/locks/ReentrantReadWriteLock$Sync done
Event: 28.319 Loading class java/util/concurrent/locks/ReentrantReadWriteLock$NonfairSync done
Event: 28.319 Loading class java/util/concurrent/locks/ReentrantReadWriteLock$Sync$ThreadLocalHoldCounter
Event: 28.319 Loading class java/util/concurrent/locks/ReentrantReadWriteLock$Sync$ThreadLocalHoldCounter done
Event: 28.320 Loading class java/util/concurrent/locks/ReentrantReadWriteLock$ReadLock
Event: 28.320 Loading class java/util/concurrent/locks/ReentrantReadWriteLock$ReadLock done
Event: 28.320 Loading class java/util/concurrent/locks/ReentrantReadWriteLock$WriteLock
Event: 28.320 Loading class java/util/concurrent/locks/ReentrantReadWriteLock$WriteLock done

Classes unloaded (0 events):
No events

Classes redefined (0 events):
No events

Internal exceptions (20 events):
Event: 28.243 Thread 0x000001befa4356e0 Exception <a 'java/lang/NoSuchMethodError'{0x00000000ef6cc778}: static Lorg/jetbrains/plugins/gradle/model/ClassSetImportModelProvider;.<clinit>()V> (0x00000000ef6cc778) 
thrown [s\src\hotspot\share\prims\jni.cpp, line 1107]
Event: 28.244 Thread 0x000001befa4356e0 Exception <a 'java/lang/NoSuchMethodError'{0x00000000ef6d9db0}: static Lorg/jetbrains/plugins/gradle/model/ExternalProject;.<clinit>()V> (0x00000000ef6d9db0) 
thrown [s\src\hotspot\share\prims\jni.cpp, line 1107]
Event: 28.248 Thread 0x000001befa4356e0 Exception <a 'java/lang/NoSuchMethodError'{0x00000000ef6ee090}: static Lorg/jetbrains/plugins/gradle/model/BuildScriptClasspathModel;.<clinit>()V> (0x00000000ef6ee090) 
thrown [s\src\hotspot\share\prims\jni.cpp, line 1107]
Event: 28.249 Thread 0x000001befa4356e0 Exception <a 'java/lang/NoSuchMethodError'{0x00000000ef6f8d78}: static Lorg/jetbrains/plugins/gradle/model/GradleExtensions;.<clinit>()V> (0x00000000ef6f8d78) 
thrown [s\src\hotspot\share\prims\jni.cpp, line 1107]
Event: 28.251 Thread 0x000001befa4356e0 Exception <a 'java/lang/NoSuchMethodError'{0x00000000ef503e90}: static Lorg/jetbrains/plugins/gradle/model/tests/ExternalTestsModel;.<clinit>()V> (0x00000000ef503e90) 
thrown [s\src\hotspot\share\prims\jni.cpp, line 1107]
Event: 28.253 Thread 0x000001befa4356e0 Exception <a 'java/lang/NoSuchMethodError'{0x00000000ef510570}: static Lorg/jetbrains/plugins/gradle/model/IntelliJProjectSettings;.<clinit>()V> (0x00000000ef510570) 
thrown [s\src\hotspot\share\prims\jni.cpp, line 1107]
Event: 28.254 Thread 0x000001befa4356e0 Exception <a 'java/lang/NoSuchMethodError'{0x00000000ef5180e0}: static Lorg/jetbrains/plugins/gradle/model/IntelliJSettings;.<clinit>()V> (0x00000000ef5180e0) 
thrown [s\src\hotspot\share\prims\jni.cpp, line 1107]
Event: 28.255 Thread 0x000001befa4356e0 Exception <a 'java/lang/NoSuchMethodError'{0x00000000ef522288}: static Lorg/jetbrains/plugins/gradle/model/DependencyAccessorsModel;.<clinit>()V> (0x00000000ef522288) 
thrown [s\src\hotspot\share\prims\jni.cpp, line 1107]
Event: 28.258 Thread 0x000001befa4356e0 Exception <a 'java/lang/NoSuchMethodError'{0x00000000ef533900}: static Lorg/jetbrains/kotlin/idea/gradleTooling/PrepareKotlinIdeImportTaskModel;.<clinit>()V> (0x00000000ef533900) 
thrown [s\src\hotspot\share\prims\jni.cpp, line 1107]
Event: 28.260 Thread 0x000001befa4356e0 Exception <a 'java/lang/NoSuchMethodError'{0x00000000ef53f6f8}: static Lorg/jetbrains/plugins/gradle/model/ExternalProjectDependency;.<clinit>()V> (0x00000000ef53f6f8) 
thrown [s\src\hotspot\share\prims\jni.cpp, line 1107]
Event: 28.262 Thread 0x000001befa4356e0 Exception <a 'java/lang/NoSuchMethodError'{0x00000000ef549160}: static Lorg/jetbrains/plugins/gradle/model/ExternalLibraryDependency;.<clinit>()V> (0x00000000ef549160) 
thrown [s\src\hotspot\share\prims\jni.cpp, line 1107]
Event: 28.264 Thread 0x000001befa4356e0 Exception <a 'java/lang/NoSuchMethodError'{0x00000000ef552548}: static Lorg/jetbrains/plugins/gradle/model/FileCollectionDependency;.<clinit>()V> (0x00000000ef552548) 
thrown [s\src\hotspot\share\prims\jni.cpp, line 1107]
Event: 28.266 Thread 0x000001befa4356e0 Exception <a 'java/lang/NoSuchMethodError'{0x00000000ef55b6c8}: static Lorg/jetbrains/plugins/gradle/model/UnresolvedExternalDependency;.<clinit>()V> (0x00000000ef55b6c8) 
thrown [s\src\hotspot\share\prims\jni.cpp, line 1107]
Event: 28.296 Thread 0x000001befa4356e0 Exception <a 'java/lang/NoSuchMethodError'{0x00000000ef5ec1e8}: static Lorg/gradle/tooling/internal/consumer/versioning/VersionDetails;.<clinit>()V> (0x00000000ef5ec1e8) 
thrown [s\src\hotspot\share\prims\jni.cpp, line 1107]
Event: 28.297 Thread 0x000001befa4356e0 Exception <a 'java/lang/NoSuchMethodError'{0x00000000ef5eebb0}: static Lorg/gradle/tooling/internal/consumer/versioning/VersionDetails$R26VersionDetails;.<clinit>()V> (0x00000000ef5eebb0) 
thrown [s\src\hotspot\share\prims\jni.cpp, line 1107]
Event: 28.297 Thread 0x000001befa4356e0 Exception <a 'java/lang/NoSuchMethodError'{0x00000000ef5f0148}: static Lorg/gradle/tooling/internal/consumer/versioning/VersionDetails$R28VersionDetails;.<clinit>()V> (0x00000000ef5f0148) 
thrown [s\src\hotspot\share\prims\jni.cpp, line 1107]
Event: 28.297 Thread 0x000001befa4356e0 Exception <a 'java/lang/NoSuchMethodError'{0x00000000ef5f1670}: static Lorg/gradle/tooling/internal/consumer/versioning/VersionDetails$R35VersionDetails;.<clinit>()V> (0x00000000ef5f1670) 
thrown [s\src\hotspot\share\prims\jni.cpp, line 1107]
Event: 28.298 Thread 0x000001befa4356e0 Exception <a 'java/lang/NoSuchMethodError'{0x00000000ef5f2d60}: static Lorg/gradle/tooling/internal/consumer/versioning/VersionDetails$R44VersionDetails;.<clinit>()V> (0x00000000ef5f2d60) 
thrown [s\src\hotspot\share\prims\jni.cpp, line 1107]
Event: 28.298 Thread 0x000001befa4356e0 Exception <a 'java/lang/NoSuchMethodError'{0x00000000ef5f4388}: static Lorg/gradle/tooling/internal/consumer/versioning/VersionDetails$R48VersionDetails;.<clinit>()V> (0x00000000ef5f4388) 
thrown [s\src\hotspot\share\prims\jni.cpp, line 1107]
Event: 28.298 Thread 0x000001befa4356e0 Exception <a 'java/lang/NoSuchMethodError'{0x00000000ef5f55a0}: static Lorg/gradle/tooling/internal/consumer/versioning/VersionDetails$R51VersionDetails;.<clinit>()V> (0x00000000ef5f55a0) 
thrown [s\src\hotspot\share\prims\jni.cpp, line 1107]

VM Operations (20 events):
Event: 23.316 Executing VM operation: HandshakeAllThreads
Event: 23.316 Executing VM operation: HandshakeAllThreads done
Event: 24.321 Executing VM operation: Cleanup
Event: 24.685 Executing VM operation: Cleanup done
Event: 25.697 Executing VM operation: Cleanup
Event: 25.697 Executing VM operation: Cleanup done
Event: 26.711 Executing VM operation: Cleanup
Event: 26.711 Executing VM operation: Cleanup done
Event: 27.409 Executing VM operation: CollectForMetadataAllocation
Event: 27.440 Executing VM operation: CollectForMetadataAllocation done
Event: 27.458 Executing VM operation: HandshakeAllThreads
Event: 27.458 Executing VM operation: HandshakeAllThreads done
Event: 27.460 Executing VM operation: HandshakeAllThreads
Event: 27.460 Executing VM operation: HandshakeAllThreads done
Event: 27.474 Executing VM operation: HandshakeAllThreads
Event: 27.476 Executing VM operation: HandshakeAllThreads done
Event: 27.494 Executing VM operation: G1PauseRemark
Event: 27.499 Executing VM operation: G1PauseRemark done
Event: 27.504 Executing VM operation: G1PauseCleanup
Event: 27.511 Executing VM operation: G1PauseCleanup done

Events (20 events):
Event: 22.097 Thread 0x000001bef9b2a140 Thread added: 0x000001bef9b2a140
Event: 22.215 Thread 0x000001bef9b707a0 Thread added: 0x000001bef9b707a0
Event: 22.245 Thread 0x000001bef9b6ddb0 Thread added: 0x000001bef9b6ddb0
Event: 22.390 Thread 0x000001bef9e4b770 Thread added: 0x000001bef9e4b770
Event: 22.405 Thread 0x000001befa4356e0 Thread added: 0x000001befa4356e0
Event: 22.427 Thread 0x000001befa4346f0 Thread added: 0x000001befa4346f0
Event: 22.440 Thread 0x000001befa4331b0 Thread added: 0x000001befa4331b0
Event: 22.457 Thread 0x000001befa434c40 Thread added: 0x000001befa434c40
Event: 22.773 Thread 0x000001befa435c30 Thread added: 0x000001befa435c30
Event: 22.834 Thread 0x000001befa4341a0 Thread added: 0x000001befa4341a0
Event: 22.854 Thread 0x000001befa436180 Thread added: 0x000001befa436180
Event: 23.635 Thread 0x000001befa433700 Thread added: 0x000001befa433700
Event: 23.799 Thread 0x000001befaa4b400 Thread added: 0x000001befaa4b400
Event: 24.692 Thread 0x000001befaa4b400 Thread exited: 0x000001befaa4b400
Event: 27.059 Thread 0x000001befa433c50 Thread added: 0x000001befa433c50
Event: 27.070 Thread 0x000001befa3f4720 Thread added: 0x000001befa3f4720
Event: 27.826 Thread 0x000001befa3f5c60 Thread added: 0x000001befa3f5c60
Event: 27.830 Thread 0x000001befa3f7c40 Thread added: 0x000001befa3f7c40
Event: 27.830 Thread 0x000001befa3fac10 Thread added: 0x000001befa3fac10
Event: 27.830 Thread 0x000001befa3f86e0 Thread added: 0x000001befa3f86e0


Dynamic libraries:
0x00007ff6f10c0000 - 0x00007ff6f10cd000 	C:\Users\Lenovo\.jdks\corretto-19.0.2\bin\java.exe
0x00007ffe51350000 - 0x00007ffe51548000 	C:\Windows\SYSTEM32\ntdll.dll
0x00007ffe50c20000 - 0x00007ffe50cdf000 	C:\Windows\System32\KERNEL32.DLL
0x00007ffe4edf0000 - 0x00007ffe4f0e6000 	C:\Windows\System32\KERNELBASE.dll
0x00007ffe4ea90000 - 0x00007ffe4eb90000 	C:\Windows\System32\ucrtbase.dll
0x00007ffe387c0000 - 0x00007ffe387d7000 	C:\Users\Lenovo\.jdks\corretto-19.0.2\bin\jli.dll
0x00007ffe50a80000 - 0x00007ffe50c1d000 	C:\Windows\System32\USER32.dll
0x00007ffe4ea60000 - 0x00007ffe4ea82000 	C:\Windows\System32\win32u.dll
0x00007ffe4feb0000 - 0x00007ffe4fedc000 	C:\Windows\System32\GDI32.dll
0x00007ffe4ec20000 - 0x00007ffe4ed35000 	C:\Windows\System32\gdi32full.dll
0x00007ffe4f310000 - 0x00007ffe4f3ad000 	C:\Windows\System32\msvcp_win.dll
0x00007ffe34db0000 - 0x00007ffe34dc5000 	C:\Users\Lenovo\.jdks\corretto-19.0.2\bin\VCRUNTIME140.dll
0x00007ffe33060000 - 0x00007ffe332fa000 	C:\Windows\WinSxS\amd64_microsoft.windows.common-controls_6595b64144ccf1df_6.0.19041.1110_none_60b5254171f9507e\COMCTL32.dll
0x00007ffe4fee0000 - 0x00007ffe4ff7e000 	C:\Windows\System32\msvcrt.dll
0x00007ffe4f410000 - 0x00007ffe4f440000 	C:\Windows\System32\IMM32.DLL
0x00007ffe30e30000 - 0x00007ffe30ecb000 	C:\Users\Lenovo\.jdks\corretto-19.0.2\bin\msvcp140.dll
0x00007ffde5c50000 - 0x00007ffde6929000 	C:\Users\Lenovo\.jdks\corretto-19.0.2\bin\server\jvm.dll
0x00007ffe4ff80000 - 0x00007ffe5002f000 	C:\Windows\System32\ADVAPI32.dll
0x00007ffe50090000 - 0x00007ffe5012c000 	C:\Windows\System32\sechost.dll
0x00007ffe51170000 - 0x00007ffe51296000 	C:\Windows\System32\RPCRT4.dll
0x00007ffe34770000 - 0x00007ffe34779000 	C:\Windows\SYSTEM32\WSOCK32.dll
0x00007ffe512a0000 - 0x00007ffe5130b000 	C:\Windows\System32\WS2_32.dll
0x00007ffe35ed0000 - 0x00007ffe35ef7000 	C:\Windows\SYSTEM32\WINMM.dll
0x00007ffe44ef0000 - 0x00007ffe44efa000 	C:\Windows\SYSTEM32\VERSION.dll
0x00007ffe4d240000 - 0x00007ffe4d252000 	C:\Windows\SYSTEM32\kernel.appcore.dll
0x00007ffe48690000 - 0x00007ffe4869a000 	C:\Users\Lenovo\.jdks\corretto-19.0.2\bin\jimage.dll
0x00007ffe3cd40000 - 0x00007ffe3cf24000 	C:\Windows\SYSTEM32\DBGHELP.DLL
0x00007ffe3ccf0000 - 0x00007ffe3cd24000 	C:\Windows\SYSTEM32\dbgcore.DLL
0x00007ffe4eb90000 - 0x00007ffe4ec12000 	C:\Windows\System32\bcryptPrimitives.dll
0x00007ffe30f80000 - 0x00007ffe30fa6000 	C:\Users\Lenovo\.jdks\corretto-19.0.2\bin\java.dll
0x00007ffe30d50000 - 0x00007ffe30e26000 	C:\Users\Lenovo\.jdks\corretto-19.0.2\bin\jsvml.dll
0x00007ffe4f440000 - 0x00007ffe4fb84000 	C:\Windows\System32\SHELL32.dll
0x00007ffe4c160000 - 0x00007ffe4c8f3000 	C:\Windows\SYSTEM32\windows.storage.dll
0x00007ffe50ce0000 - 0x00007ffe51034000 	C:\Windows\System32\combase.dll
0x00007ffe4e3b0000 - 0x00007ffe4e3de000 	C:\Windows\SYSTEM32\Wldp.dll
0x00007ffe510c0000 - 0x00007ffe5116d000 	C:\Windows\System32\SHCORE.dll
0x00007ffe51060000 - 0x00007ffe510b5000 	C:\Windows\System32\shlwapi.dll
0x00007ffe4e970000 - 0x00007ffe4e98f000 	C:\Windows\SYSTEM32\profapi.dll
0x00007ffe30f60000 - 0x00007ffe30f73000 	C:\Users\Lenovo\.jdks\corretto-19.0.2\bin\net.dll
0x00007ffe44500000 - 0x00007ffe4460a000 	C:\Windows\SYSTEM32\WINHTTP.dll
0x00007ffe4e190000 - 0x00007ffe4e1fa000 	C:\Windows\system32\mswsock.dll
0x00007ffe30f40000 - 0x00007ffe30f55000 	C:\Users\Lenovo\.jdks\corretto-19.0.2\bin\nio.dll
0x00007ffe2eb70000 - 0x00007ffe2eb88000 	C:\Users\Lenovo\.jdks\corretto-19.0.2\bin\zip.dll
0x00007ffe46a60000 - 0x00007ffe46a70000 	C:\Users\Lenovo\.jdks\corretto-19.0.2\bin\verify.dll
0x00007ffe3ddc0000 - 0x00007ffe3dde7000 	C:\Users\Lenovo\.gradle\native\68d5fa5c4cc2d200863cafc0d521ce42e7d3e7ee720ec0a83991735586a16f82\windows-amd64\native-platform.dll
0x00007ffe23300000 - 0x00007ffe23444000 	C:\Users\Lenovo\.gradle\native\e376f236ea51e6404a007f0833ffe2c6e607c4080706a723a18a27aeea778392\windows-amd64\native-platform-file-events.dll
0x00007ffe46a40000 - 0x00007ffe46a49000 	C:\Users\Lenovo\.jdks\corretto-19.0.2\bin\management.dll
0x00007ffe46470000 - 0x00007ffe4647b000 	C:\Users\Lenovo\.jdks\corretto-19.0.2\bin\management_ext.dll
0x00007ffe50880000 - 0x00007ffe50888000 	C:\Windows\System32\PSAPI.DLL
0x00007ffe4e3f0000 - 0x00007ffe4e408000 	C:\Windows\SYSTEM32\CRYPTSP.dll
0x00007ffe4da60000 - 0x00007ffe4da94000 	C:\Windows\system32\rsaenh.dll
0x00007ffe4ea30000 - 0x00007ffe4ea57000 	C:\Windows\System32\bcrypt.dll
0x00007ffe4e8f0000 - 0x00007ffe4e91e000 	C:\Windows\SYSTEM32\USERENV.dll
0x00007ffe4e320000 - 0x00007ffe4e32c000 	C:\Windows\SYSTEM32\CRYPTBASE.dll
0x00007ffe4de50000 - 0x00007ffe4de8c000 	C:\Windows\SYSTEM32\IPHLPAPI.DLL
0x00007ffe506c0000 - 0x00007ffe506c8000 	C:\Windows\System32\NSI.dll
0x00007ffe45ca0000 - 0x00007ffe45cb7000 	C:\Windows\SYSTEM32\dhcpcsvc6.DLL
0x00007ffe47450000 - 0x00007ffe4746d000 	C:\Windows\SYSTEM32\dhcpcsvc.DLL
0x00007ffe4dea0000 - 0x00007ffe4df6b000 	C:\Windows\SYSTEM32\DNSAPI.dll
0x00007ffe46430000 - 0x00007ffe46438000 	C:\Users\Lenovo\.jdks\corretto-19.0.2\bin\extnet.dll
0x00007ffe46310000 - 0x00007ffe4631e000 	C:\Users\Lenovo\.jdks\corretto-19.0.2\bin\sunmscapi.dll
0x00007ffe4f140000 - 0x00007ffe4f29e000 	C:\Windows\System32\CRYPT32.dll
0x00007ffe4e500000 - 0x00007ffe4e528000 	C:\Windows\SYSTEM32\ncrypt.dll
0x00007ffe4e4c0000 - 0x00007ffe4e4fb000 	C:\Windows\SYSTEM32\NTASN1.dll
0x00007ffe24420000 - 0x00007ffe24427000 	C:\Windows\system32\wshunix.dll

dbghelp: loaded successfully - version: 4.0.5 - missing functions: none
symbol engine: initialized successfully - sym options: 0x614 - pdb path: .;C:\Users\Lenovo\.jdks\corretto-19.0.2\bin;C:\Windows\SYSTEM32;C:\Windows\WinSxS\amd64_microsoft.windows.common-controls_6595b64144ccf1df_6.0.19041.1110_none_60b5254171f9507e;C:\Users\Lenovo\.jdks\corretto-19.0.2\bin\server;C:\Users\Lenovo\.gradle\native\68d5fa5c4cc2d200863cafc0d521ce42e7d3e7ee720ec0a83991735586a16f82\windows-amd64;C:\Users\Lenovo\.gradle\native\e376f236ea51e6404a007f0833ffe2c6e607c4080706a723a18a27aeea778392\windows-amd64

VM Arguments:
jvm_args: --add-opens=java.base/java.util=ALL-UNNAMED --add-opens=java.base/java.lang=ALL-UNNAMED --add-opens=java.base/java.lang.invoke=ALL-UNNAMED --add-opens=java.prefs/java.util.prefs=ALL-UNNAMED --add-opens=java.base/java.nio.charset=ALL-UNNAMED --add-opens=java.base/java.net=ALL-UNNAMED --add-opens=java.base/java.util.concurrent.atomic=ALL-UNNAMED -XX:MaxMetaspaceSize=256m -XX:+HeapDumpOnOutOfMemoryError -Xms256m -Xmx512m -Dfile.encoding=windows-1252 -Duser.country=IN -Duser.language=en -Duser.variant 
java_command: org.gradle.launcher.daemon.bootstrap.GradleDaemon 7.6.1
java_class_path (initial): C:\Users\Lenovo\.gradle\wrapper\dists\gradle-7.6.1-bin\2clxi94ab3brv6467628wnxmd\gradle-7.6.1\lib\gradle-launcher-7.6.1.jar
Launcher Type: SUN_STANDARD

[Global flags]
     intx CICompilerCount                          = 3                                         {product} {ergonomic}
   size_t CompressedClassSpaceSize                 = 218103808                                 {product} {ergonomic}
     uint ConcGCThreads                            = 1                                         {product} {ergonomic}
     uint G1ConcRefinementThreads                  = 4                                         {product} {ergonomic}
   size_t G1HeapRegionSize                         = 1048576                                   {product} {ergonomic}
    uintx GCDrainStackTargetSize                   = 64                                        {product} {ergonomic}
     bool HeapDumpOnOutOfMemoryError               = true                                   {manageable} {command line}
   size_t InitialHeapSize                          = 268435456                                 {product} {command line}
   size_t MarkStackSize                            = 4194304                                   {product} {ergonomic}
   size_t MaxHeapSize                              = 536870912                                 {product} {command line}
   size_t MaxMetaspaceSize                         = 268435456                                 {product} {command line}
   size_t MaxNewSize                               = 321912832                                 {product} {ergonomic}
   size_t MinHeapDeltaBytes                        = 1048576                                   {product} {ergonomic}
   size_t MinHeapSize                              = 268435456                                 {product} {command line}
    uintx NonNMethodCodeHeapSize                   = 5832780                                {pd product} {ergonomic}
    uintx NonProfiledCodeHeapSize                  = 122912730                              {pd product} {ergonomic}
    uintx ProfiledCodeHeapSize                     = 122912730                              {pd product} {ergonomic}
    uintx ReservedCodeCacheSize                    = 251658240                              {pd product} {ergonomic}
     bool SegmentedCodeCache                       = true                                      {product} {ergonomic}
   size_t SoftMaxHeapSize                          = 536870912                              {manageable} {ergonomic}
     bool UseCompressedClassPointers               = true                           {product lp64_product} {ergonomic}
     bool UseCompressedOops                        = true                           {product lp64_product} {ergonomic}
     bool UseG1GC                                  = true                                      {product} {ergonomic}
     bool UseLargePagesIndividualAllocation        = false                                  {pd product} {ergonomic}

Logging:
Log output configuration:
 #0: stdout all=warning uptime,level,tags foldmultilines=false
 #1: stderr all=off uptime,level,tags foldmultilines=false

Environment Variables:
JAVA_HOME=C:\Program Files\Java\jdk-17.0.2
CLASSPATH=C:\Program Files\Apache Software Foundation\Tomcat 8.5\lib\servlet-api.jar
PATH=C:\Program Files\Common Files\Oracle\Java\javapath;C:\Windows\system32;C:\Windows;C:\Windows\System32\Wbem;C:\Windows\System32\WindowsPowerShell\v1.0\;C:\Windows\System32\OpenSSH\;C:\Users\Lenovo\AppData\Local\Programs\Python\Python310\;C:\Users\Lenovo\AppData\Local\Programs\Python\Python310\Scripts\;C:\Program Files\Java\jdk-17.0.2\bin;C:\MinGW\bin;C:\Program Files (x86)\Vim\vim82;C:\Program Files\Git\cmd;C:\Users\Lenovo\AppData\Roaming\nvm;C:\Program Files\nodejs;C:\Program Files\nodejs\;C:\opencv\build\java\x64;;C:\Program Files\Docker\Docker\resources\bin;C:\Program Files\MySQL\MySQL Shell 8.0\bin\;C:\Users\Lenovo\AppData\Local\Programs\Python\Python310\Scripts\;C:\Users\Lenovo\AppData\Local\Programs\Python\Python310\;C:\Users\Lenovo\AppData\Local\Microsoft\WindowsApps;C:\Users\Lenovo\AppData\Local\Programs\Microsoft VS Code\bin;C:\Program Files\Java\jdk-17.0.2\bin;C:\MinGW\bin;C:\Program Files (x86)\Vim\vim82;C:\Users\Lenovo\AppData\Roaming\nvm;C:\Program Files\nodejs;C:\Users\Lenovo\AppData\Roaming\npm;C:\xampp\php;C:\Users\Lenovo\composer;C:\Users\Lenovo\AppData\Roaming\Composer\vendor\bin
USERNAME=Lenovo
OS=Windows_NT
PROCESSOR_IDENTIFIER=Intel64 Family 6 Model 69 Stepping 1, GenuineIntel
TMP=C:\Users\Lenovo\AppData\Local\Temp
TEMP=C:\Users\Lenovo\AppData\Local\Temp



---------------  S Y S T E M  ---------------

OS:
 Windows 10 , 64 bit Build 19041 (10.0.19041.2913)
OS uptime: 0 days 20:30 hours
Hyper-V role detected

CPU: total 4 (initial active 4) (2 cores per cpu, 2 threads per core) family 6 model 69 stepping 1 microcode 0x25, cx8, cmov, fxsr, ht, mmx, sse, sse2, sse3, ssse3, sse4.1, sse4.2, popcnt, lzcnt, tsc, tscinvbit, avx, avx2, aes, erms, clmul, bmi1, bmi2, fma, vzeroupper, clflush, hv, rdtscp

Memory: 4k page, system-wide physical 8070M (324M free)
TotalPageFile size 20803M (AvailPageFile size 2M)
current process WorkingSet (physical memory assigned to process): 235M, peak: 235M
current process commit charge ("private bytes"): 401M, peak: 404M

vm_info: OpenJDK 64-Bit Server VM (19.0.2+7-FR) for windows-amd64 JRE (19.0.2+7-FR), built on Jan 13 2023 22:53:32 by "Administrator" with MS VC++ 15.9 (VS2017)

END.
